2019-03-14 22:19:53 [pool-2-thread-1] INFO  com.epam.taskthree.entity.Cashier - 0Customer buys...
2019-03-14 22:19:54 [pool-2-thread-1] INFO  com.epam.taskthree.entity.Cashier - Order 1 is completed.
2019-03-14 22:19:54 [pool-2-thread-3] INFO  com.epam.taskthree.entity.Customer - Customer alive!
2019-03-14 22:19:54 [pool-2-thread-3] INFO  com.epam.taskthree.entity.Cashier - Special customer buys...
2019-03-14 22:19:55 [pool-2-thread-3] INFO  com.epam.taskthree.entity.Cashier - Order 4 is completed.
2019-03-14 22:19:55 [pool-2-thread-3] INFO  com.epam.taskthree.entity.Customer - Customer alive!
2019-03-14 22:19:55 [pool-2-thread-3] INFO  com.epam.taskthree.entity.Cashier - 1Customer buys...
2019-03-14 22:19:56 [main] INFO  com.epam.taskthree.main.Main - 0 cashier has served 1 5 clients!
2019-03-14 22:19:56 [main] INFO  com.epam.taskthree.main.Main - 1 cashier has served 1 5 clients!
2019-03-14 22:19:56 [pool-2-thread-3] INFO  com.epam.taskthree.entity.Cashier - Order 3 is completed.
2019-03-14 22:19:56 [pool-2-thread-3] INFO  com.epam.taskthree.entity.Customer - Customer alive!
2019-03-14 22:19:56 [pool-2-thread-3] INFO  com.epam.taskthree.entity.Cashier - 2Customer buys...
2019-03-14 22:19:57 [pool-2-thread-3] INFO  com.epam.taskthree.entity.Cashier - Order 5 is completed.
2019-03-14 22:19:57 [main] INFO  com.epam.taskthree.main.Main - 2 cashier has served 3 5 clients!
2019-03-14 22:19:57 [main] INFO  com.epam.taskthree.main.Main - main - finally
2019-03-14 22:22:08 [main] INFO  com.epam.taskthree.reader.DataReader - File:data\aLotOfOrders.txt was successfully read.
2019-03-14 22:22:08 [main] INFO  epam.taskthree.parser.impl.DataParserImpl - Parse was successful complete.
2019-03-14 22:22:08 [main] INFO  epam.taskthree.parser.impl.DataParserImpl - Parse was successful complete.
2019-03-14 22:22:08 [main] INFO  epam.taskthree.parser.impl.DataParserImpl - Parse was successful complete.
2019-03-14 22:22:08 [main] INFO  epam.taskthree.parser.impl.DataParserImpl - Parse was successful complete.
2019-03-14 22:22:08 [main] INFO  epam.taskthree.parser.impl.DataParserImpl - Parse was successful complete.
2019-03-14 22:22:08 [Thread-1] INFO  com.epam.taskthree.entity.Customer - Customer waiting...
2019-03-14 22:22:08 [Thread-1] INFO  com.epam.taskthree.entity.Customer - Customer bought food.
2019-03-14 22:22:08 [Thread-2] INFO  com.epam.taskthree.entity.Customer - Customer waiting...
2019-03-14 22:22:08 [Thread-2] INFO  com.epam.taskthree.entity.Customer - Customer bought food.
2019-03-14 22:22:08 [Thread-3] INFO  com.epam.taskthree.entity.Customer - Customer waiting...
2019-03-14 22:22:08 [Thread-3] INFO  com.epam.taskthree.entity.Customer - Customer bought food.
2019-03-14 22:22:08 [Thread-4] INFO  com.epam.taskthree.entity.Customer - Customer waiting...
2019-03-14 22:22:08 [Thread-4] INFO  com.epam.taskthree.entity.Customer - Customer bought food.
2019-03-14 22:22:08 [Thread-5] INFO  com.epam.taskthree.entity.Customer - Customer waiting...
2019-03-14 22:22:08 [Thread-5] INFO  com.epam.taskthree.entity.Customer - Customer bought food.
2019-03-14 22:22:09 [main] INFO  com.epam.taskthree.main.Main - Customers are divided in queues
2019-03-14 22:22:09 [main] INFO  com.epam.taskthree.main.Main - Cashier is added.
2019-03-14 22:22:09 [main] INFO  com.epam.taskthree.main.Main - Cashier is added.
2019-03-14 22:22:09 [main] INFO  com.epam.taskthree.main.Main - Cashier is added.
2019-03-14 22:22:09 [main] INFO  com.epam.taskthree.main.Main - Queues is added at cashiers.
2019-03-14 22:22:09 [main] INFO  com.epam.taskthree.main.Main - Cashiers give their reports.
2019-03-14 22:22:09 [pool-2-thread-1] INFO  com.epam.taskthree.entity.Customer - Customer alive!
2019-03-14 22:22:09 [pool-2-thread-1] INFO  com.epam.taskthree.entity.Cashier - 0Customer buys...
2019-03-14 22:22:10 [pool-2-thread-1] INFO  com.epam.taskthree.entity.Cashier - Order 11 is completed.
2019-03-14 22:22:10 [pool-2-thread-2] INFO  com.epam.taskthree.entity.Customer - Customer alive!
2019-03-14 22:22:10 [pool-2-thread-2] INFO  com.epam.taskthree.entity.Cashier - 0Customer buys...
2019-03-14 22:22:11 [pool-2-thread-2] INFO  com.epam.taskthree.entity.Cashier - Order 21 is completed.
2019-03-14 22:22:11 [pool-2-thread-3] INFO  com.epam.taskthree.entity.Customer - Customer alive!
2019-03-14 22:22:11 [pool-2-thread-3] INFO  com.epam.taskthree.entity.Cashier - Special customer buys...
2019-03-14 22:22:12 [pool-2-thread-3] INFO  com.epam.taskthree.entity.Cashier - Order 122 is completed.
2019-03-14 22:22:12 [pool-2-thread-3] INFO  com.epam.taskthree.entity.Customer - Customer alive!
2019-03-14 22:22:12 [pool-2-thread-3] INFO  com.epam.taskthree.entity.Cashier - 1Customer buys...
2019-03-14 22:22:13 [main] INFO  com.epam.taskthree.main.Main - 0 cashier has served 1 5 clients!
2019-03-14 22:22:13 [main] INFO  com.epam.taskthree.main.Main - 1 cashier has served 1 5 clients!
2019-03-14 22:22:13 [pool-2-thread-3] INFO  com.epam.taskthree.entity.Cashier - Order 31 is completed.
2019-03-14 22:22:13 [pool-2-thread-3] INFO  com.epam.taskthree.entity.Customer - Customer alive!
2019-03-14 22:22:13 [pool-2-thread-3] INFO  com.epam.taskthree.entity.Cashier - 2Customer buys...
2019-03-14 22:22:14 [pool-2-thread-3] INFO  com.epam.taskthree.entity.Cashier - Order 32 is completed.
2019-03-14 22:22:14 [main] INFO  com.epam.taskthree.main.Main - 2 cashier has served 3 5 clients!
2019-03-14 22:22:14 [main] INFO  com.epam.taskthree.main.Main - main - finally
2019-03-14 22:24:10 [main] INFO  com.epam.taskthree.reader.DataReader - File:data\aLotOfOrders.txt was successfully read.
2019-03-14 22:24:10 [main] INFO  epam.taskthree.parser.impl.DataParserImpl - Parse was successful complete.
2019-03-14 22:24:10 [main] INFO  epam.taskthree.parser.impl.DataParserImpl - Parse was successful complete.
2019-03-14 22:24:10 [main] INFO  epam.taskthree.parser.impl.DataParserImpl - Parse was successful complete.
2019-03-14 22:24:10 [main] INFO  epam.taskthree.parser.impl.DataParserImpl - Parse was successful complete.
2019-03-14 22:24:10 [main] INFO  epam.taskthree.parser.impl.DataParserImpl - Parse was successful complete.
2019-03-14 22:24:10 [Thread-1] INFO  com.epam.taskthree.entity.Customer - Customer waiting...
2019-03-14 22:24:10 [Thread-1] INFO  com.epam.taskthree.entity.Customer - Customer bought food.
2019-03-14 22:24:10 [Thread-2] INFO  com.epam.taskthree.entity.Customer - Customer waiting...
2019-03-14 22:24:10 [Thread-2] INFO  com.epam.taskthree.entity.Customer - Customer bought food.
2019-03-14 22:24:10 [Thread-3] INFO  com.epam.taskthree.entity.Customer - Customer waiting...
2019-03-14 22:24:10 [Thread-3] INFO  com.epam.taskthree.entity.Customer - Customer bought food.
2019-03-14 22:24:10 [Thread-4] INFO  com.epam.taskthree.entity.Customer - Customer waiting...
2019-03-14 22:24:10 [Thread-4] INFO  com.epam.taskthree.entity.Customer - Customer bought food.
2019-03-14 22:24:10 [Thread-5] INFO  com.epam.taskthree.entity.Customer - Customer waiting...
2019-03-14 22:24:10 [Thread-5] INFO  com.epam.taskthree.entity.Customer - Customer bought food.
2019-03-14 22:24:10 [main] INFO  com.epam.taskthree.main.Main - Customers are divided in queues
2019-03-14 22:24:10 [main] INFO  com.epam.taskthree.main.Main - Cashier is added.
2019-03-14 22:24:10 [main] INFO  com.epam.taskthree.main.Main - Cashier is added.
2019-03-14 22:24:10 [main] INFO  com.epam.taskthree.main.Main - Cashier is added.
2019-03-14 22:24:10 [main] INFO  com.epam.taskthree.main.Main - Queues is added at cashiers.
2019-03-14 22:24:10 [main] INFO  com.epam.taskthree.main.Main - Cashiers give their reports.
2019-03-14 22:24:10 [pool-2-thread-2] INFO  com.epam.taskthree.entity.Customer - Customer alive!
2019-03-14 22:24:10 [pool-2-thread-2] INFO  com.epam.taskthree.entity.Cashier - 0Customer buys...
2019-03-14 22:24:11 [pool-2-thread-2] INFO  com.epam.taskthree.entity.Cashier - Order 21 is completed.
2019-03-14 22:24:11 [pool-2-thread-1] INFO  com.epam.taskthree.entity.Customer - Customer alive!
2019-03-14 22:24:11 [pool-2-thread-1] INFO  com.epam.taskthree.entity.Cashier - 0Customer buys...
2019-03-14 22:24:12 [pool-2-thread-1] INFO  com.epam.taskthree.entity.Cashier - Order 11 is completed.
2019-03-14 22:24:12 [pool-2-thread-3] INFO  com.epam.taskthree.entity.Customer - Customer alive!
2019-03-14 22:24:12 [pool-2-thread-3] INFO  com.epam.taskthree.entity.Cashier - Special customer buys...
2019-03-14 22:24:13 [pool-2-thread-3] INFO  com.epam.taskthree.entity.Cashier - Order 122 is completed.
2019-03-14 22:24:13 [pool-2-thread-3] INFO  com.epam.taskthree.entity.Customer - Customer alive!
2019-03-14 22:24:13 [pool-2-thread-3] INFO  com.epam.taskthree.entity.Cashier - 1Customer buys...
2019-03-14 22:24:14 [pool-2-thread-3] INFO  com.epam.taskthree.entity.Cashier - Order 31 is completed.
2019-03-14 22:24:14 [pool-2-thread-3] INFO  com.epam.taskthree.entity.Customer - Customer alive!
2019-03-14 22:24:14 [pool-2-thread-3] INFO  com.epam.taskthree.entity.Cashier - 2Customer buys...
2019-03-14 22:24:15 [pool-2-thread-3] INFO  com.epam.taskthree.entity.Cashier - Order 32 is completed.
2019-03-14 22:24:20 [main] INFO  com.epam.taskthree.main.Main - 0 cashier has served 1 5 clients!
2019-03-14 22:24:20 [main] INFO  com.epam.taskthree.main.Main - 1 cashier has served 1 5 clients!
2019-03-14 22:24:20 [main] INFO  com.epam.taskthree.main.Main - 2 cashier has served 3 5 clients!
2019-03-14 22:24:20 [main] INFO  com.epam.taskthree.main.Main - main - finally
2019-03-14 22:27:05 [main] INFO  com.epam.taskthree.reader.DataReader - File:data\aLotOfOrders.txt was successfully read.
2019-03-14 22:27:05 [main] INFO  epam.taskthree.parser.impl.DataParserImpl - Parse was successful complete.
2019-03-14 22:27:05 [main] INFO  epam.taskthree.parser.impl.DataParserImpl - Parse was successful complete.
2019-03-14 22:27:05 [main] INFO  epam.taskthree.parser.impl.DataParserImpl - Parse was successful complete.
2019-03-14 22:27:05 [main] INFO  epam.taskthree.parser.impl.DataParserImpl - Parse was successful complete.
2019-03-14 22:27:05 [main] INFO  epam.taskthree.parser.impl.DataParserImpl - Parse was successful complete.
2019-03-14 22:27:05 [main] INFO  epam.taskthree.parser.impl.DataParserImpl - Parse was successful complete.
2019-03-14 22:27:05 [main] INFO  epam.taskthree.parser.impl.DataParserImpl - Parse was successful complete.
2019-03-14 22:27:05 [Thread-1] INFO  com.epam.taskthree.entity.Customer - Customer waiting...
2019-03-14 22:27:05 [Thread-1] INFO  com.epam.taskthree.entity.Customer - Customer bought food.
2019-03-14 22:27:05 [Thread-6] INFO  com.epam.taskthree.entity.Customer - Customer waiting...
2019-03-14 22:27:05 [Thread-6] INFO  com.epam.taskthree.entity.Customer - Customer bought food.
2019-03-14 22:27:05 [Thread-2] INFO  com.epam.taskthree.entity.Customer - Customer waiting...
2019-03-14 22:27:05 [Thread-2] INFO  com.epam.taskthree.entity.Customer - Customer bought food.
2019-03-14 22:27:05 [Thread-3] INFO  com.epam.taskthree.entity.Customer - Customer waiting...
2019-03-14 22:27:05 [Thread-3] INFO  com.epam.taskthree.entity.Customer - Customer bought food.
2019-03-14 22:27:05 [Thread-4] INFO  com.epam.taskthree.entity.Customer - Customer waiting...
2019-03-14 22:27:05 [Thread-4] INFO  com.epam.taskthree.entity.Customer - Customer bought food.
2019-03-14 22:27:05 [Thread-5] INFO  com.epam.taskthree.entity.Customer - Customer waiting...
2019-03-14 22:27:05 [Thread-5] INFO  com.epam.taskthree.entity.Customer - Customer bought food.
2019-03-14 22:27:05 [Thread-7] INFO  com.epam.taskthree.entity.Customer - Customer waiting...
2019-03-14 22:27:05 [Thread-7] INFO  com.epam.taskthree.entity.Customer - Customer bought food.
2019-03-14 22:27:05 [main] INFO  com.epam.taskthree.main.Main - Customers are divided in queues
2019-03-14 22:27:05 [main] INFO  com.epam.taskthree.main.Main - Cashier is added.
2019-03-14 22:27:05 [main] INFO  com.epam.taskthree.main.Main - Cashier is added.
2019-03-14 22:27:05 [main] INFO  com.epam.taskthree.main.Main - Cashier is added.
2019-03-14 22:27:05 [main] INFO  com.epam.taskthree.main.Main - Queues is added at cashiers.
2019-03-14 22:27:05 [main] INFO  com.epam.taskthree.main.Main - Cashiers give their reports.
2019-03-14 22:27:05 [pool-2-thread-1] INFO  com.epam.taskthree.entity.Customer - Customer alive!
2019-03-14 22:27:05 [pool-2-thread-1] INFO  com.epam.taskthree.entity.Cashier - 0Customer buys...
2019-03-14 22:27:06 [pool-2-thread-1] INFO  com.epam.taskthree.entity.Cashier - Order 11 is completed.
2019-03-14 22:27:06 [pool-2-thread-1] INFO  com.epam.taskthree.entity.Customer - Customer alive!
2019-03-14 22:27:06 [pool-2-thread-1] INFO  com.epam.taskthree.entity.Cashier - 1Customer buys...
2019-03-14 22:27:07 [pool-2-thread-1] INFO  com.epam.taskthree.entity.Cashier - Order 12 is completed.
2019-03-14 22:27:07 [pool-2-thread-2] INFO  com.epam.taskthree.entity.Customer - Customer alive!
2019-03-14 22:27:07 [pool-2-thread-2] INFO  com.epam.taskthree.entity.Cashier - 0Customer buys...
2019-03-14 22:27:08 [pool-2-thread-2] INFO  com.epam.taskthree.entity.Cashier - Order 21 is completed.
2019-03-14 22:27:08 [pool-2-thread-2] INFO  com.epam.taskthree.entity.Customer - Customer alive!
2019-03-14 22:27:08 [pool-2-thread-2] INFO  com.epam.taskthree.entity.Cashier - 1Customer buys...
2019-03-14 22:27:09 [pool-2-thread-2] INFO  com.epam.taskthree.entity.Cashier - Order 22 is completed.
2019-03-14 22:27:09 [pool-2-thread-3] INFO  com.epam.taskthree.entity.Customer - Customer alive!
2019-03-14 22:27:09 [pool-2-thread-3] INFO  com.epam.taskthree.entity.Cashier - Special customer buys...
2019-03-14 22:27:10 [pool-2-thread-3] INFO  com.epam.taskthree.entity.Cashier - Order 122 is completed.
2019-03-14 22:27:10 [pool-2-thread-3] INFO  com.epam.taskthree.entity.Customer - Customer alive!
2019-03-14 22:27:10 [pool-2-thread-3] INFO  com.epam.taskthree.entity.Cashier - 1Customer buys...
2019-03-14 22:27:11 [pool-2-thread-3] INFO  com.epam.taskthree.entity.Cashier - Order 31 is completed.
2019-03-14 22:27:11 [pool-2-thread-3] INFO  com.epam.taskthree.entity.Customer - Customer alive!
2019-03-14 22:27:11 [pool-2-thread-3] INFO  com.epam.taskthree.entity.Cashier - 2Customer buys...
2019-03-14 22:27:12 [pool-2-thread-3] INFO  com.epam.taskthree.entity.Cashier - Order 32 is completed.
2019-03-14 22:27:15 [main] INFO  com.epam.taskthree.main.Main - 0 cashier has served 2 5 clients!
2019-03-14 22:27:15 [main] INFO  com.epam.taskthree.main.Main - 1 cashier has served 2 5 clients!
2019-03-14 22:27:15 [main] INFO  com.epam.taskthree.main.Main - 2 cashier has served 3 5 clients!
2019-03-14 22:27:15 [main] INFO  com.epam.taskthree.main.Main - main - finally
2019-03-14 22:32:11 [main] INFO  com.epam.taskthree.reader.DataReader - File:data\aLotOfOrders.txt was successfully read.
2019-03-14 22:32:11 [main] INFO  epam.taskthree.parser.impl.DataParserImpl - Parse was successful complete.
2019-03-14 22:32:11 [main] INFO  epam.taskthree.parser.impl.DataParserImpl - Parse was successful complete.
2019-03-14 22:32:11 [main] INFO  epam.taskthree.parser.impl.DataParserImpl - Parse was successful complete.
2019-03-14 22:32:11 [main] INFO  epam.taskthree.parser.impl.DataParserImpl - Parse was successful complete.
2019-03-14 22:32:11 [main] INFO  epam.taskthree.parser.impl.DataParserImpl - Parse was successful complete.
2019-03-14 22:32:11 [main] INFO  epam.taskthree.parser.impl.DataParserImpl - Parse was successful complete.
2019-03-14 22:32:11 [main] INFO  epam.taskthree.parser.impl.DataParserImpl - Parse was successful complete.
2019-03-14 22:32:11 [Thread-1] INFO  com.epam.taskthree.entity.Customer - Customer waiting...
2019-03-14 22:32:11 [Thread-2] INFO  com.epam.taskthree.entity.Customer - Customer waiting...
2019-03-14 22:32:11 [Thread-3] INFO  com.epam.taskthree.entity.Customer - Customer waiting...
2019-03-14 22:32:11 [Thread-4] INFO  com.epam.taskthree.entity.Customer - Customer waiting...
2019-03-14 22:32:11 [Thread-7] INFO  com.epam.taskthree.entity.Customer - Customer waiting...
2019-03-14 22:32:11 [Thread-5] INFO  com.epam.taskthree.entity.Customer - Customer waiting...
2019-03-14 22:32:11 [Thread-6] INFO  com.epam.taskthree.entity.Customer - Customer waiting...
2019-03-14 22:32:11 [main] INFO  com.epam.taskthree.main.Main - Customers are divided in queues
2019-03-14 22:32:11 [main] INFO  com.epam.taskthree.main.Main - Cashier is added.
2019-03-14 22:32:11 [main] INFO  com.epam.taskthree.main.Main - Cashier is added.
2019-03-14 22:32:11 [main] INFO  com.epam.taskthree.main.Main - Cashier is added.
2019-03-14 22:32:11 [main] INFO  com.epam.taskthree.main.Main - Queues is added at cashiers.
2019-03-14 22:32:11 [main] INFO  com.epam.taskthree.main.Main - Cashiers give their reports.
2019-03-14 22:32:21 [main] INFO  com.epam.taskthree.main.Main - main - finally
2019-03-14 22:38:27 [main] INFO  com.epam.taskthree.reader.DataReader - File:data\aLotOfOrders.txt was successfully read.
2019-03-14 22:38:27 [main] INFO  epam.taskthree.parser.impl.DataParserImpl - Parse was successful complete.
2019-03-14 22:38:27 [main] INFO  epam.taskthree.parser.impl.DataParserImpl - Parse was successful complete.
2019-03-14 22:38:27 [main] INFO  epam.taskthree.parser.impl.DataParserImpl - Parse was successful complete.
2019-03-14 22:38:27 [main] INFO  epam.taskthree.parser.impl.DataParserImpl - Parse was successful complete.
2019-03-14 22:38:27 [main] INFO  epam.taskthree.parser.impl.DataParserImpl - Parse was successful complete.
2019-03-14 22:38:27 [main] INFO  epam.taskthree.parser.impl.DataParserImpl - Parse was successful complete.
2019-03-14 22:38:27 [main] INFO  epam.taskthree.parser.impl.DataParserImpl - Parse was successful complete.
2019-03-14 22:38:27 [Thread-1] INFO  com.epam.taskthree.entity.Customer - Customer waiting...
2019-03-14 22:38:27 [Thread-3] INFO  com.epam.taskthree.entity.Customer - Customer waiting...
2019-03-14 22:38:27 [Thread-5] INFO  com.epam.taskthree.entity.Customer - Customer waiting...
2019-03-14 22:38:27 [Thread-4] INFO  com.epam.taskthree.entity.Customer - Customer waiting...
2019-03-14 22:38:27 [Thread-7] INFO  com.epam.taskthree.entity.Customer - Customer waiting...
2019-03-14 22:38:27 [Thread-2] INFO  com.epam.taskthree.entity.Customer - Customer waiting...
2019-03-14 22:38:27 [Thread-6] INFO  com.epam.taskthree.entity.Customer - Customer waiting...
2019-03-14 22:38:27 [main] INFO  com.epam.taskthree.main.Main - Customers are divided in queues
2019-03-14 22:38:27 [main] INFO  com.epam.taskthree.main.Main - Cashier is added.
2019-03-14 22:38:27 [main] INFO  com.epam.taskthree.main.Main - Cashier is added.
2019-03-14 22:38:27 [main] INFO  com.epam.taskthree.main.Main - Cashier is added.
2019-03-14 22:38:27 [main] INFO  com.epam.taskthree.main.Main - Queues is added at cashiers.
2019-03-14 22:38:27 [main] INFO  com.epam.taskthree.main.Main - Cashiers give their reports.
2019-03-14 22:38:27 [pool-2-thread-1] INFO  com.epam.taskthree.entity.Cashier - 0Customer buys...
2019-03-14 22:38:28 [pool-2-thread-1] INFO  com.epam.taskthree.entity.Cashier - Order 11 is completed.
2019-03-14 22:38:28 [pool-2-thread-1] INFO  com.epam.taskthree.entity.Cashier - 1Customer buys...
2019-03-14 22:38:29 [pool-2-thread-1] INFO  com.epam.taskthree.entity.Cashier - Order 12 is completed.
2019-03-14 22:38:29 [pool-2-thread-2] INFO  com.epam.taskthree.entity.Cashier - 0Customer buys...
2019-03-14 22:38:30 [pool-2-thread-2] INFO  com.epam.taskthree.entity.Cashier - Order 21 is completed.
2019-03-14 22:38:30 [pool-2-thread-2] INFO  com.epam.taskthree.entity.Cashier - 1Customer buys...
2019-03-14 22:38:31 [pool-2-thread-2] INFO  com.epam.taskthree.entity.Cashier - Order 22 is completed.
2019-03-14 22:38:31 [pool-2-thread-3] INFO  com.epam.taskthree.entity.Cashier - Special customer buys...
2019-03-14 22:38:32 [pool-2-thread-3] INFO  com.epam.taskthree.entity.Cashier - Order 122 is completed.
2019-03-14 22:38:32 [pool-2-thread-3] INFO  com.epam.taskthree.entity.Cashier - 1Customer buys...
2019-03-14 22:38:33 [pool-2-thread-3] INFO  com.epam.taskthree.entity.Cashier - Order 31 is completed.
2019-03-14 22:38:33 [pool-2-thread-3] INFO  com.epam.taskthree.entity.Cashier - 2Customer buys...
2019-03-14 22:38:34 [pool-2-thread-3] INFO  com.epam.taskthree.entity.Cashier - Order 32 is completed.
2019-03-14 22:38:37 [main] INFO  com.epam.taskthree.main.Main - 0  cashier : 2 clients!
2019-03-14 22:38:37 [main] INFO  com.epam.taskthree.main.Main - 1  cashier : 2 clients!
2019-03-14 22:38:37 [main] INFO  com.epam.taskthree.main.Main - 2  cashier : 3 clients!
2019-03-14 22:38:37 [main] INFO  com.epam.taskthree.main.Main - main - finally
2019-03-14 22:42:18 [main] INFO  com.epam.taskthree.reader.DataReader - File:data\aLotOfOrders.txt was successfully read.
2019-03-14 22:42:18 [main] INFO  epam.taskthree.parser.impl.DataParserImpl - Parse was successful complete.
2019-03-14 22:42:18 [main] INFO  epam.taskthree.parser.impl.DataParserImpl - Parse was successful complete.
2019-03-14 22:42:18 [main] INFO  epam.taskthree.parser.impl.DataParserImpl - Parse was successful complete.
2019-03-14 22:42:18 [main] INFO  epam.taskthree.parser.impl.DataParserImpl - Parse was successful complete.
2019-03-14 22:42:18 [main] INFO  epam.taskthree.parser.impl.DataParserImpl - Parse was successful complete.
2019-03-14 22:42:18 [main] INFO  epam.taskthree.parser.impl.DataParserImpl - Parse was successful complete.
2019-03-14 22:42:18 [main] INFO  epam.taskthree.parser.impl.DataParserImpl - Parse was successful complete.
2019-03-14 22:42:18 [Thread-1] INFO  com.epam.taskthree.entity.Customer - Customer waiting...
2019-03-14 22:42:18 [Thread-2] INFO  com.epam.taskthree.entity.Customer - Customer waiting...
2019-03-14 22:42:18 [Thread-6] INFO  com.epam.taskthree.entity.Customer - Customer waiting...
2019-03-14 22:42:18 [Thread-5] INFO  com.epam.taskthree.entity.Customer - Customer waiting...
2019-03-14 22:42:18 [Thread-4] INFO  com.epam.taskthree.entity.Customer - Customer waiting...
2019-03-14 22:42:18 [Thread-3] INFO  com.epam.taskthree.entity.Customer - Customer waiting...
2019-03-14 22:42:18 [Thread-7] INFO  com.epam.taskthree.entity.Customer - Customer waiting...
2019-03-14 22:42:19 [main] INFO  com.epam.taskthree.main.Main - Customers are divided in queues
2019-03-14 22:42:19 [main] INFO  com.epam.taskthree.main.Main - Cashier is added.
2019-03-14 22:42:19 [main] INFO  com.epam.taskthree.main.Main - Cashier is added.
2019-03-14 22:42:19 [main] INFO  com.epam.taskthree.main.Main - Cashier is added.
2019-03-14 22:42:19 [main] INFO  com.epam.taskthree.main.Main - Queues is added at cashiers.
2019-03-14 22:42:19 [main] INFO  com.epam.taskthree.main.Main - Cashiers give their reports.
2019-03-14 22:42:29 [main] INFO  com.epam.taskthree.main.Main - main - finally
2019-03-14 22:43:11 [main] INFO  com.epam.taskthree.reader.DataReader - File:data\aLotOfOrders.txt was successfully read.
2019-03-14 22:43:11 [main] INFO  epam.taskthree.parser.impl.DataParserImpl - Parse was successful complete.
2019-03-14 22:43:11 [main] INFO  epam.taskthree.parser.impl.DataParserImpl - Parse was successful complete.
2019-03-14 22:43:11 [main] INFO  epam.taskthree.parser.impl.DataParserImpl - Parse was successful complete.
2019-03-14 22:43:11 [main] INFO  epam.taskthree.parser.impl.DataParserImpl - Parse was successful complete.
2019-03-14 22:43:11 [main] INFO  epam.taskthree.parser.impl.DataParserImpl - Parse was successful complete.
2019-03-14 22:43:11 [main] INFO  epam.taskthree.parser.impl.DataParserImpl - Parse was successful complete.
2019-03-14 22:43:11 [main] INFO  epam.taskthree.parser.impl.DataParserImpl - Parse was successful complete.
2019-03-14 22:43:11 [Thread-1] INFO  com.epam.taskthree.entity.Customer - Customer waiting...
2019-03-14 22:43:11 [Thread-2] INFO  com.epam.taskthree.entity.Customer - Customer waiting...
2019-03-14 22:43:11 [Thread-3] INFO  com.epam.taskthree.entity.Customer - Customer waiting...
2019-03-14 22:43:11 [Thread-7] INFO  com.epam.taskthree.entity.Customer - Customer waiting...
2019-03-14 22:43:11 [Thread-4] INFO  com.epam.taskthree.entity.Customer - Customer waiting...
2019-03-14 22:43:11 [Thread-5] INFO  com.epam.taskthree.entity.Customer - Customer waiting...
2019-03-14 22:43:11 [Thread-6] INFO  com.epam.taskthree.entity.Customer - Customer waiting...
2019-03-14 22:43:11 [main] INFO  com.epam.taskthree.main.Main - Customers are divided in queues
2019-03-14 22:43:11 [main] INFO  com.epam.taskthree.main.Main - Cashier is added.
2019-03-14 22:43:11 [main] INFO  com.epam.taskthree.main.Main - Cashier is added.
2019-03-14 22:43:11 [main] INFO  com.epam.taskthree.main.Main - Cashier is added.
2019-03-14 22:43:11 [main] INFO  com.epam.taskthree.main.Main - Queues is added at cashiers.
2019-03-14 22:43:11 [main] INFO  com.epam.taskthree.main.Main - Cashiers give their reports.
2019-03-14 22:43:11 [pool-2-thread-1] INFO  com.epam.taskthree.entity.Cashier - 0Customer buys...
2019-03-14 22:43:12 [pool-2-thread-1] INFO  com.epam.taskthree.entity.Cashier - Order 11 is completed.
2019-03-14 22:43:12 [pool-2-thread-1] INFO  com.epam.taskthree.entity.Cashier - 1Customer buys...
2019-03-14 22:43:13 [pool-2-thread-1] INFO  com.epam.taskthree.entity.Cashier - Order 12 is completed.
2019-03-14 22:43:13 [pool-2-thread-2] INFO  com.epam.taskthree.entity.Cashier - 0Customer buys...
2019-03-14 22:43:14 [pool-2-thread-2] INFO  com.epam.taskthree.entity.Cashier - Order 21 is completed.
2019-03-14 22:43:14 [pool-2-thread-2] INFO  com.epam.taskthree.entity.Cashier - 1Customer buys...
2019-03-14 22:43:15 [pool-2-thread-2] INFO  com.epam.taskthree.entity.Cashier - Order 22 is completed.
2019-03-14 22:43:15 [pool-2-thread-3] INFO  com.epam.taskthree.entity.Cashier - Special customer buys...
2019-03-14 22:43:16 [pool-2-thread-3] INFO  com.epam.taskthree.entity.Cashier - Order 122 is completed.
2019-03-14 22:43:16 [pool-2-thread-3] INFO  com.epam.taskthree.entity.Cashier - 1Customer buys...
2019-03-14 22:43:17 [pool-2-thread-3] INFO  com.epam.taskthree.entity.Cashier - Order 31 is completed.
2019-03-14 22:43:17 [pool-2-thread-3] INFO  com.epam.taskthree.entity.Cashier - 2Customer buys...
2019-03-14 22:43:18 [pool-2-thread-3] INFO  com.epam.taskthree.entity.Cashier - Order 32 is completed.
2019-03-14 22:43:21 [main] INFO  com.epam.taskthree.main.Main - 0  cashier : 2 clients!
2019-03-14 22:43:21 [main] INFO  com.epam.taskthree.main.Main - 1  cashier : 2 clients!
2019-03-14 22:43:21 [main] INFO  com.epam.taskthree.main.Main - 2  cashier : 3 clients!
2019-03-14 22:43:21 [main] INFO  com.epam.taskthree.main.Main - main - finally
2019-03-14 22:44:40 [main] INFO  com.epam.taskthree.reader.DataReader - File:data\aLotOfOrders.txt was successfully read.
2019-03-14 22:44:40 [main] INFO  epam.taskthree.parser.impl.DataParserImpl - Parse was successful complete.
2019-03-14 22:44:40 [main] INFO  epam.taskthree.parser.impl.DataParserImpl - Parse was successful complete.
2019-03-14 22:44:40 [main] INFO  epam.taskthree.parser.impl.DataParserImpl - Parse was successful complete.
2019-03-14 22:44:40 [main] INFO  epam.taskthree.parser.impl.DataParserImpl - Parse was successful complete.
2019-03-14 22:44:40 [main] INFO  epam.taskthree.parser.impl.DataParserImpl - Parse was successful complete.
2019-03-14 22:44:40 [main] INFO  epam.taskthree.parser.impl.DataParserImpl - Parse was successful complete.
2019-03-14 22:44:40 [main] INFO  epam.taskthree.parser.impl.DataParserImpl - Parse was successful complete.
2019-03-14 22:44:40 [Thread-1] INFO  com.epam.taskthree.entity.Customer - Customer waiting...
2019-03-14 22:44:40 [Thread-2] INFO  com.epam.taskthree.entity.Customer - Customer waiting...
2019-03-14 22:44:40 [Thread-3] INFO  com.epam.taskthree.entity.Customer - Customer waiting...
2019-03-14 22:44:40 [Thread-4] INFO  com.epam.taskthree.entity.Customer - Customer waiting...
2019-03-14 22:44:40 [Thread-7] INFO  com.epam.taskthree.entity.Customer - Customer waiting...
2019-03-14 22:44:40 [Thread-6] INFO  com.epam.taskthree.entity.Customer - Customer waiting...
2019-03-14 22:44:40 [Thread-5] INFO  com.epam.taskthree.entity.Customer - Customer waiting...
2019-03-14 22:44:40 [main] INFO  com.epam.taskthree.main.Main - Customers are divided in queues
2019-03-14 22:44:40 [main] INFO  com.epam.taskthree.main.Main - Cashier is added.
2019-03-14 22:44:40 [main] INFO  com.epam.taskthree.main.Main - Cashier is added.
2019-03-14 22:44:40 [main] INFO  com.epam.taskthree.main.Main - Cashier is added.
2019-03-14 22:44:40 [main] INFO  com.epam.taskthree.main.Main - Queues is added at cashiers.
2019-03-14 22:44:40 [main] INFO  com.epam.taskthree.main.Main - Cashiers give their reports.
2019-03-14 22:44:40 [pool-2-thread-1] INFO  com.epam.taskthree.entity.Cashier - 0Customer buys...
2019-03-14 22:44:41 [pool-2-thread-1] INFO  com.epam.taskthree.entity.Cashier - Order 11 is completed.
2019-03-14 22:44:41 [pool-2-thread-1] INFO  com.epam.taskthree.entity.Cashier - 1Customer buys...
2019-03-14 22:44:42 [pool-2-thread-1] INFO  com.epam.taskthree.entity.Cashier - Order 12 is completed.
2019-03-14 22:44:42 [pool-2-thread-2] INFO  com.epam.taskthree.entity.Cashier - Special customer buys...
2019-03-14 22:44:43 [pool-2-thread-2] INFO  com.epam.taskthree.entity.Cashier - Order 22222 is completed.
2019-03-14 22:44:43 [pool-2-thread-2] INFO  com.epam.taskthree.entity.Cashier - 1Customer buys...
2019-03-14 22:44:44 [pool-2-thread-2] INFO  com.epam.taskthree.entity.Cashier - Order 21 is completed.
2019-03-14 22:44:44 [pool-2-thread-2] INFO  com.epam.taskthree.entity.Cashier - 2Customer buys...
2019-03-14 22:44:45 [pool-2-thread-2] INFO  com.epam.taskthree.entity.Cashier - Order 22 is completed.
2019-03-14 22:44:45 [pool-2-thread-3] INFO  com.epam.taskthree.entity.Cashier - 0Customer buys...
2019-03-14 22:44:46 [pool-2-thread-3] INFO  com.epam.taskthree.entity.Cashier - Order 31 is completed.
2019-03-14 22:44:46 [pool-2-thread-3] INFO  com.epam.taskthree.entity.Cashier - 1Customer buys...
2019-03-14 22:44:47 [pool-2-thread-3] INFO  com.epam.taskthree.entity.Cashier - Order 32 is completed.
2019-03-14 22:44:50 [main] INFO  com.epam.taskthree.main.Main - 0  cashier : 2 clients!
2019-03-14 22:44:50 [main] INFO  com.epam.taskthree.main.Main - 1  cashier : 3 clients!
2019-03-14 22:44:50 [main] INFO  com.epam.taskthree.main.Main - 2  cashier : 2 clients!
2019-03-14 22:44:50 [main] INFO  com.epam.taskthree.main.Main - main - finally
2019-03-14 22:46:48 [main] INFO  com.epam.taskthree.reader.DataReader - File:data\aLotOfOrders.txt was successfully read.
2019-03-14 22:46:48 [main] INFO  epam.taskthree.parser.impl.DataParserImpl - Parse was successful complete.
2019-03-14 22:46:48 [main] INFO  epam.taskthree.parser.impl.DataParserImpl - Parse was successful complete.
2019-03-14 22:46:48 [main] INFO  epam.taskthree.parser.impl.DataParserImpl - Parse was successful complete.
2019-03-14 22:46:48 [main] INFO  epam.taskthree.parser.impl.DataParserImpl - Parse was successful complete.
2019-03-14 22:46:48 [main] INFO  epam.taskthree.parser.impl.DataParserImpl - Parse was successful complete.
2019-03-14 22:46:48 [main] INFO  epam.taskthree.parser.impl.DataParserImpl - Parse was successful complete.
2019-03-14 22:46:48 [main] INFO  epam.taskthree.parser.impl.DataParserImpl - Parse was successful complete.
2019-03-14 22:46:48 [Thread-1] INFO  com.epam.taskthree.entity.Customer - Customer waiting...
2019-03-14 22:46:48 [Thread-2] INFO  com.epam.taskthree.entity.Customer - Customer waiting...
2019-03-14 22:46:48 [Thread-3] INFO  com.epam.taskthree.entity.Customer - Customer waiting...
2019-03-14 22:46:48 [Thread-4] INFO  com.epam.taskthree.entity.Customer - Customer waiting...
2019-03-14 22:46:48 [Thread-5] INFO  com.epam.taskthree.entity.Customer - Customer waiting...
2019-03-14 22:46:48 [Thread-7] INFO  com.epam.taskthree.entity.Customer - Customer waiting...
2019-03-14 22:46:48 [Thread-6] INFO  com.epam.taskthree.entity.Customer - Customer waiting...
2019-03-14 22:46:48 [main] INFO  com.epam.taskthree.main.Main - Customers are divided in queues
2019-03-14 22:46:48 [main] INFO  com.epam.taskthree.main.Main - Cashier is added.
2019-03-14 22:46:48 [main] INFO  com.epam.taskthree.main.Main - Cashier is added.
2019-03-14 22:46:48 [main] INFO  com.epam.taskthree.main.Main - Cashier is added.
2019-03-14 22:46:48 [main] INFO  com.epam.taskthree.main.Main - Queues is added at cashiers.
2019-03-14 22:46:48 [main] INFO  com.epam.taskthree.main.Main - Cashiers give their reports.
2019-03-14 22:46:48 [pool-2-thread-1] INFO  com.epam.taskthree.entity.Cashier - 0!!!!!! Customer buys...
2019-03-14 22:46:49 [pool-2-thread-1] INFO  com.epam.taskthree.entity.Cashier - Order 11 is completed.
2019-03-14 22:46:49 [pool-2-thread-1] INFO  com.epam.taskthree.entity.Cashier - 1!!!!!! Customer buys...
2019-03-14 22:46:50 [pool-2-thread-1] INFO  com.epam.taskthree.entity.Cashier - Order 12 is completed.
2019-03-14 22:46:50 [pool-2-thread-2] INFO  com.epam.taskthree.entity.Cashier - Special customer buys...
2019-03-14 22:46:51 [pool-2-thread-2] INFO  com.epam.taskthree.entity.Cashier - Order 22222 is completed.
2019-03-14 22:46:51 [pool-2-thread-2] INFO  com.epam.taskthree.entity.Cashier - 1!!!!!! Customer buys...
2019-03-14 22:46:52 [pool-2-thread-2] INFO  com.epam.taskthree.entity.Cashier - Order 21 is completed.
2019-03-14 22:46:52 [pool-2-thread-2] INFO  com.epam.taskthree.entity.Cashier - 2!!!!!! Customer buys...
2019-03-14 22:46:53 [pool-2-thread-2] INFO  com.epam.taskthree.entity.Cashier - Order 22 is completed.
2019-03-14 22:46:53 [pool-2-thread-3] INFO  com.epam.taskthree.entity.Cashier - 0!!!!!! Customer buys...
2019-03-14 22:46:54 [pool-2-thread-3] INFO  com.epam.taskthree.entity.Cashier - Order 31 is completed.
2019-03-14 22:46:54 [pool-2-thread-3] INFO  com.epam.taskthree.entity.Cashier - 1!!!!!! Customer buys...
2019-03-14 22:46:55 [pool-2-thread-3] INFO  com.epam.taskthree.entity.Cashier - Order 32 is completed.
2019-03-14 22:46:58 [main] INFO  com.epam.taskthree.main.Main - 0  cashier : 2 clients!
2019-03-14 22:46:58 [main] INFO  com.epam.taskthree.main.Main - 1  cashier : 3 clients!
2019-03-14 22:46:58 [main] INFO  com.epam.taskthree.main.Main - 2  cashier : 2 clients!
2019-03-14 22:46:58 [main] INFO  com.epam.taskthree.main.Main - main - finally
2019-03-14 22:51:44 [main] INFO  com.epam.taskthree.reader.DataReader - File:data\aLotOfOrders.txt was successfully read.
2019-03-14 22:51:44 [main] INFO  epam.taskthree.parser.impl.DataParserImpl - Parse was successful complete.
2019-03-14 22:51:44 [main] INFO  epam.taskthree.parser.impl.DataParserImpl - Parse was successful complete.
2019-03-14 22:51:44 [main] INFO  epam.taskthree.parser.impl.DataParserImpl - Parse was successful complete.
2019-03-14 22:51:44 [main] INFO  epam.taskthree.parser.impl.DataParserImpl - Parse was successful complete.
2019-03-14 22:51:44 [main] INFO  epam.taskthree.parser.impl.DataParserImpl - Parse was successful complete.
2019-03-14 22:51:44 [main] INFO  epam.taskthree.parser.impl.DataParserImpl - Parse was successful complete.
2019-03-14 22:51:44 [main] INFO  epam.taskthree.parser.impl.DataParserImpl - Parse was successful complete.
2019-03-14 22:51:44 [Thread-2] INFO  com.epam.taskthree.entity.Customer - Customer waiting...
2019-03-14 22:51:44 [Thread-1] INFO  com.epam.taskthree.entity.Customer - Customer waiting...
2019-03-14 22:51:44 [Thread-3] INFO  com.epam.taskthree.entity.Customer - Customer waiting...
2019-03-14 22:51:44 [Thread-4] INFO  com.epam.taskthree.entity.Customer - Customer waiting...
2019-03-14 22:51:44 [Thread-5] INFO  com.epam.taskthree.entity.Customer - Customer waiting...
2019-03-14 22:51:44 [Thread-6] INFO  com.epam.taskthree.entity.Customer - Customer waiting...
2019-03-14 22:51:44 [Thread-7] INFO  com.epam.taskthree.entity.Customer - Customer waiting...
2019-03-14 22:51:45 [main] INFO  com.epam.taskthree.main.Main - Customers are divided in queues
2019-03-14 22:51:45 [main] INFO  com.epam.taskthree.main.Main - Cashier is added.
2019-03-14 22:51:45 [main] INFO  com.epam.taskthree.main.Main - Cashier is added.
2019-03-14 22:51:45 [main] INFO  com.epam.taskthree.main.Main - Cashier is added.
2019-03-14 22:51:45 [main] INFO  com.epam.taskthree.main.Main - Queues is added at cashiers.
2019-03-14 22:51:45 [pool-3-thread-1] INFO  com.epam.taskthree.entity.Cashier - Special customer buys...
2019-03-14 22:51:46 [pool-3-thread-1] INFO  com.epam.taskthree.entity.Cashier - Order 22222 is completed.
2019-03-14 22:51:46 [pool-3-thread-1] INFO  com.epam.taskthree.entity.Cashier - 1!!!!!! Customer buys...
2019-03-14 22:51:47 [pool-3-thread-1] INFO  com.epam.taskthree.entity.Cashier - Order 21 is completed.
2019-03-14 22:51:47 [pool-3-thread-1] INFO  com.epam.taskthree.entity.Cashier - 2!!!!!! Customer buys...
2019-03-14 22:51:48 [pool-3-thread-1] INFO  com.epam.taskthree.entity.Cashier - Order 22 is completed.
2019-03-14 22:51:48 [pool-2-thread-1] INFO  com.epam.taskthree.entity.Cashier - 0!!!!!! Customer buys...
2019-03-14 22:51:49 [pool-2-thread-1] INFO  com.epam.taskthree.entity.Cashier - Order 11 is completed.
2019-03-14 22:51:49 [pool-2-thread-1] INFO  com.epam.taskthree.entity.Cashier - 1!!!!!! Customer buys...
2019-03-14 22:51:50 [pool-2-thread-1] INFO  com.epam.taskthree.entity.Cashier - Order 12 is completed.
2019-03-14 22:52:12 [main] INFO  com.epam.taskthree.reader.DataReader - File:data\aLotOfOrders.txt was successfully read.
2019-03-14 22:52:12 [main] INFO  epam.taskthree.parser.impl.DataParserImpl - Parse was successful complete.
2019-03-14 22:52:12 [main] INFO  epam.taskthree.parser.impl.DataParserImpl - Parse was successful complete.
2019-03-14 22:52:12 [main] INFO  epam.taskthree.parser.impl.DataParserImpl - Parse was successful complete.
2019-03-14 22:52:12 [main] INFO  epam.taskthree.parser.impl.DataParserImpl - Parse was successful complete.
2019-03-14 22:52:12 [main] INFO  epam.taskthree.parser.impl.DataParserImpl - Parse was successful complete.
2019-03-14 22:52:12 [main] INFO  epam.taskthree.parser.impl.DataParserImpl - Parse was successful complete.
2019-03-14 22:52:12 [main] INFO  epam.taskthree.parser.impl.DataParserImpl - Parse was successful complete.
2019-03-14 22:52:12 [Thread-2] INFO  com.epam.taskthree.entity.Customer - Customer waiting...
2019-03-14 22:52:12 [Thread-1] INFO  com.epam.taskthree.entity.Customer - Customer waiting...
2019-03-14 22:52:12 [Thread-3] INFO  com.epam.taskthree.entity.Customer - Customer waiting...
2019-03-14 22:52:12 [Thread-7] INFO  com.epam.taskthree.entity.Customer - Customer waiting...
2019-03-14 22:52:12 [Thread-4] INFO  com.epam.taskthree.entity.Customer - Customer waiting...
2019-03-14 22:52:12 [Thread-5] INFO  com.epam.taskthree.entity.Customer - Customer waiting...
2019-03-14 22:52:12 [Thread-6] INFO  com.epam.taskthree.entity.Customer - Customer waiting...
2019-03-14 22:52:12 [main] INFO  com.epam.taskthree.main.Main - Customers are divided in queues
2019-03-14 22:52:12 [main] INFO  com.epam.taskthree.main.Main - Cashier is added.
2019-03-14 22:52:12 [main] INFO  com.epam.taskthree.main.Main - Cashier is added.
2019-03-14 22:52:12 [main] INFO  com.epam.taskthree.main.Main - Cashier is added.
2019-03-14 22:52:12 [main] INFO  com.epam.taskthree.main.Main - Queues is added at cashiers.
2019-03-14 22:52:12 [main] INFO  com.epam.taskthree.main.Main - Cashiers give their reports.
2019-03-14 22:52:12 [pool-2-thread-1] INFO  com.epam.taskthree.entity.Cashier - 0!!!!!! Customer buys...
2019-03-14 22:52:13 [pool-2-thread-1] INFO  com.epam.taskthree.entity.Cashier - Order 11 is completed.
2019-03-14 22:52:13 [pool-2-thread-1] INFO  com.epam.taskthree.entity.Cashier - 1!!!!!! Customer buys...
2019-03-14 22:52:14 [pool-2-thread-1] INFO  com.epam.taskthree.entity.Cashier - Order 12 is completed.
2019-03-14 22:52:14 [pool-3-thread-1] INFO  com.epam.taskthree.entity.Cashier - Special customer buys...
2019-03-14 22:52:15 [pool-3-thread-1] INFO  com.epam.taskthree.entity.Cashier - Order 22222 is completed.
2019-03-14 22:52:15 [pool-3-thread-1] INFO  com.epam.taskthree.entity.Cashier - 1!!!!!! Customer buys...
2019-03-14 22:52:16 [pool-3-thread-1] INFO  com.epam.taskthree.entity.Cashier - Order 21 is completed.
2019-03-14 22:52:16 [pool-3-thread-1] INFO  com.epam.taskthree.entity.Cashier - 2!!!!!! Customer buys...
2019-03-14 22:52:17 [pool-3-thread-1] INFO  com.epam.taskthree.entity.Cashier - Order 22 is completed.
2019-03-14 22:52:17 [pool-4-thread-1] INFO  com.epam.taskthree.entity.Cashier - 0!!!!!! Customer buys...
2019-03-14 22:52:18 [pool-4-thread-1] INFO  com.epam.taskthree.entity.Cashier - Order 31 is completed.
