2019-03-14 22:52:18 [pool-4-thread-1] INFO  com.epam.taskthree.entity.Cashier - 1!!!!!! Customer buys...
2019-03-14 22:52:19 [pool-4-thread-1] INFO  com.epam.taskthree.entity.Cashier - Order 32 is completed.
2019-03-14 22:52:22 [main] INFO  com.epam.taskthree.main.Main - 0  cashier : 2 clients!
2019-03-14 22:52:22 [main] INFO  com.epam.taskthree.main.Main - 1  cashier : 3 clients!
2019-03-14 22:52:22 [main] INFO  com.epam.taskthree.main.Main - 2  cashier : 2 clients!
2019-03-14 22:52:22 [main] INFO  com.epam.taskthree.main.Main - main - finally
2019-03-14 22:58:25 [main] INFO  com.epam.taskthree.reader.DataReader - File:data\aLotOfOrders.txt was successfully read.
2019-03-14 22:58:25 [main] INFO  epam.taskthree.parser.impl.DataParserImpl - Parse was successful complete.
2019-03-14 22:58:25 [main] INFO  epam.taskthree.parser.impl.DataParserImpl - Parse was successful complete.
2019-03-14 22:58:25 [main] INFO  epam.taskthree.parser.impl.DataParserImpl - Parse was successful complete.
2019-03-14 22:58:25 [main] INFO  epam.taskthree.parser.impl.DataParserImpl - Parse was successful complete.
2019-03-14 22:58:25 [main] INFO  epam.taskthree.parser.impl.DataParserImpl - Parse was successful complete.
2019-03-14 22:58:25 [main] INFO  epam.taskthree.parser.impl.DataParserImpl - Parse was successful complete.
2019-03-14 22:58:25 [main] INFO  epam.taskthree.parser.impl.DataParserImpl - Parse was successful complete.
2019-03-14 22:58:25 [Thread-1] INFO  com.epam.taskthree.entity.Customer - Customer waiting...
2019-03-14 22:58:25 [Thread-2] INFO  com.epam.taskthree.entity.Customer - Customer waiting...
2019-03-14 22:58:25 [Thread-5] INFO  com.epam.taskthree.entity.Customer - Customer waiting...
2019-03-14 22:58:25 [Thread-7] INFO  com.epam.taskthree.entity.Customer - Customer waiting...
2019-03-14 22:58:25 [Thread-3] INFO  com.epam.taskthree.entity.Customer - Customer waiting...
2019-03-14 22:58:25 [Thread-4] INFO  com.epam.taskthree.entity.Customer - Customer waiting...
2019-03-14 22:58:25 [Thread-6] INFO  com.epam.taskthree.entity.Customer - Customer waiting...
2019-03-14 22:58:25 [main] INFO  com.epam.taskthree.main.Main - Customers are divided in queues
2019-03-14 22:58:25 [main] INFO  com.epam.taskthree.main.Main - Cashier is added.
2019-03-14 22:58:25 [main] INFO  com.epam.taskthree.main.Main - Cashier is added.
2019-03-14 22:58:25 [main] INFO  com.epam.taskthree.main.Main - Cashier is added.
2019-03-14 22:58:25 [main] INFO  com.epam.taskthree.main.Main - Queues is added at cashiers.
2019-03-14 22:58:25 [main] INFO  com.epam.taskthree.main.Main - Cashiers give their reports.
2019-03-14 22:58:35 [main] INFO  com.epam.taskthree.main.Main - main - finally
2019-03-14 23:00:34 [main] INFO  com.epam.taskthree.reader.DataReader - File:data\aLotOfOrders.txt was successfully read.
2019-03-14 23:00:34 [main] INFO  epam.taskthree.parser.impl.DataParserImpl - Parse was successful complete.
2019-03-14 23:00:34 [main] INFO  epam.taskthree.parser.impl.DataParserImpl - Parse was successful complete.
2019-03-14 23:00:34 [main] INFO  epam.taskthree.parser.impl.DataParserImpl - Parse was successful complete.
2019-03-14 23:00:34 [main] INFO  epam.taskthree.parser.impl.DataParserImpl - Parse was successful complete.
2019-03-14 23:00:34 [main] INFO  epam.taskthree.parser.impl.DataParserImpl - Parse was successful complete.
2019-03-14 23:00:34 [main] INFO  epam.taskthree.parser.impl.DataParserImpl - Parse was successful complete.
2019-03-14 23:00:34 [main] INFO  epam.taskthree.parser.impl.DataParserImpl - Parse was successful complete.
2019-03-14 23:00:34 [Thread-1] INFO  com.epam.taskthree.entity.Customer - Customer waiting...
2019-03-14 23:00:34 [Thread-2] INFO  com.epam.taskthree.entity.Customer - Customer waiting...
2019-03-14 23:00:34 [Thread-6] INFO  com.epam.taskthree.entity.Customer - Customer waiting...
2019-03-14 23:00:34 [Thread-3] INFO  com.epam.taskthree.entity.Customer - Customer waiting...
2019-03-14 23:00:34 [Thread-4] INFO  com.epam.taskthree.entity.Customer - Customer waiting...
2019-03-14 23:00:34 [Thread-5] INFO  com.epam.taskthree.entity.Customer - Customer waiting...
2019-03-14 23:00:34 [Thread-7] INFO  com.epam.taskthree.entity.Customer - Customer waiting...
2019-03-14 23:00:34 [main] INFO  com.epam.taskthree.main.Main - Customers are divided in queues
2019-03-14 23:00:34 [main] INFO  com.epam.taskthree.main.Main - Cashier is added.
2019-03-14 23:00:34 [main] INFO  com.epam.taskthree.main.Main - Cashier is added.
2019-03-14 23:00:34 [main] INFO  com.epam.taskthree.main.Main - Cashier is added.
2019-03-14 23:00:34 [main] INFO  com.epam.taskthree.main.Main - Queues is added at cashiers.
2019-03-14 23:00:34 [main] INFO  com.epam.taskthree.main.Main - Cashiers give their reports.
2019-03-14 23:00:34 [pool-2-thread-2] INFO  com.epam.taskthree.entity.Cashier - Special customer buys...
2019-03-14 23:00:35 [pool-2-thread-2] INFO  com.epam.taskthree.entity.Cashier - Order 22222 is completed.
2019-03-14 23:00:44 [main] INFO  com.epam.taskthree.main.Main - main - finally
2019-03-14 23:07:18 [main] INFO  com.epam.taskthree.reader.DataReader - File:data\aLotOfOrders.txt was successfully read.
2019-03-14 23:07:18 [main] INFO  epam.taskthree.parser.impl.DataParserImpl - Parse was successful complete.
2019-03-14 23:07:18 [main] INFO  epam.taskthree.parser.impl.DataParserImpl - Parse was successful complete.
2019-03-14 23:07:18 [main] INFO  epam.taskthree.parser.impl.DataParserImpl - Parse was successful complete.
2019-03-14 23:07:18 [main] INFO  epam.taskthree.parser.impl.DataParserImpl - Parse was successful complete.
2019-03-14 23:07:18 [main] INFO  epam.taskthree.parser.impl.DataParserImpl - Parse was successful complete.
2019-03-14 23:07:18 [main] INFO  epam.taskthree.parser.impl.DataParserImpl - Parse was successful complete.
2019-03-14 23:07:18 [main] INFO  epam.taskthree.parser.impl.DataParserImpl - Parse was successful complete.
2019-03-14 23:07:18 [Thread-1] INFO  com.epam.taskthree.entity.Customer - Customer waiting...
2019-03-14 23:07:18 [Thread-2] INFO  com.epam.taskthree.entity.Customer - Customer waiting...
2019-03-14 23:07:18 [Thread-3] INFO  com.epam.taskthree.entity.Customer - Customer waiting...
2019-03-14 23:07:18 [Thread-7] INFO  com.epam.taskthree.entity.Customer - Customer waiting...
2019-03-14 23:07:18 [Thread-5] INFO  com.epam.taskthree.entity.Customer - Customer waiting...
2019-03-14 23:07:18 [Thread-6] INFO  com.epam.taskthree.entity.Customer - Customer waiting...
2019-03-14 23:07:18 [Thread-4] INFO  com.epam.taskthree.entity.Customer - Customer waiting...
2019-03-14 23:07:18 [main] INFO  com.epam.taskthree.main.Main - Customers are divided in queues
2019-03-14 23:07:18 [main] INFO  com.epam.taskthree.main.Main - Cashier is added.
2019-03-14 23:07:18 [main] INFO  com.epam.taskthree.main.Main - Cashier is added.
2019-03-14 23:07:18 [main] INFO  com.epam.taskthree.main.Main - Cashier is added.
2019-03-14 23:07:18 [main] INFO  com.epam.taskthree.main.Main - Queues is added at cashiers.
2019-03-14 23:07:18 [main] INFO  com.epam.taskthree.main.Main - Cashiers give their reports.
2019-03-14 23:07:18 [pool-2-thread-1] INFO  com.epam.taskthree.entity.Cashier - 0  customer buys...
2019-03-14 23:07:19 [pool-2-thread-1] INFO  com.epam.taskthree.entity.Cashier - Order 11 is completed.
2019-03-14 23:07:19 [pool-2-thread-1] INFO  com.epam.taskthree.entity.Cashier - 1  customer buys...
2019-03-14 23:07:20 [pool-2-thread-1] INFO  com.epam.taskthree.entity.Cashier - Order 12 is completed.
2019-03-14 23:07:20 [pool-2-thread-2] INFO  com.epam.taskthree.entity.Cashier -  Special customer buys...
2019-03-14 23:07:21 [pool-2-thread-2] INFO  com.epam.taskthree.entity.Cashier - Order 22222 is completed.
2019-03-14 23:07:21 [pool-2-thread-2] INFO  com.epam.taskthree.entity.Cashier - 1  customer buys...
2019-03-14 23:07:22 [pool-2-thread-2] INFO  com.epam.taskthree.entity.Cashier - Order 21 is completed.
2019-03-14 23:07:22 [pool-2-thread-2] INFO  com.epam.taskthree.entity.Cashier - 2  customer buys...
2019-03-14 23:07:23 [pool-2-thread-2] INFO  com.epam.taskthree.entity.Cashier - Order 22 is completed.
2019-03-14 23:07:23 [pool-2-thread-3] INFO  com.epam.taskthree.entity.Cashier - 0  customer buys...
2019-03-14 23:07:24 [pool-2-thread-3] INFO  com.epam.taskthree.entity.Cashier - Order 31 is completed.
2019-03-14 23:07:24 [pool-2-thread-3] INFO  com.epam.taskthree.entity.Cashier - 1  customer buys...
2019-03-14 23:07:25 [pool-2-thread-3] INFO  com.epam.taskthree.entity.Cashier - Order 32 is completed.
2019-03-14 23:07:28 [main] INFO  com.epam.taskthree.main.Main - 0  cashier : 2 clients!
2019-03-14 23:07:28 [main] INFO  com.epam.taskthree.main.Main - 1  cashier : 3 clients!
2019-03-14 23:07:28 [main] INFO  com.epam.taskthree.main.Main - 2  cashier : 2 clients!
2019-03-14 23:07:28 [main] INFO  com.epam.taskthree.main.Main - main - finally
2019-03-14 23:16:32 [main] INFO  com.epam.taskthree.reader.DataReader - File:data\aLotOfOrders.txt was successfully read.
2019-03-14 23:16:32 [main] INFO  epam.taskthree.parser.impl.DataParserImpl - Parse was successful complete.
2019-03-14 23:16:32 [main] INFO  epam.taskthree.parser.impl.DataParserImpl - Parse was successful complete.
2019-03-14 23:16:32 [main] INFO  epam.taskthree.parser.impl.DataParserImpl - Parse was successful complete.
2019-03-14 23:16:32 [main] INFO  epam.taskthree.parser.impl.DataParserImpl - Parse was successful complete.
2019-03-14 23:16:32 [main] INFO  epam.taskthree.parser.impl.DataParserImpl - Parse was successful complete.
2019-03-14 23:16:32 [main] INFO  epam.taskthree.parser.impl.DataParserImpl - Parse was successful complete.
2019-03-14 23:16:32 [main] INFO  epam.taskthree.parser.impl.DataParserImpl - Parse was successful complete.
2019-03-14 23:16:32 [Thread-1] INFO  com.epam.taskthree.entity.Customer - Customer waiting...
2019-03-14 23:16:32 [Thread-2] INFO  com.epam.taskthree.entity.Customer - Customer waiting...
2019-03-14 23:16:32 [Thread-7] INFO  com.epam.taskthree.entity.Customer - Customer waiting...
2019-03-14 23:16:32 [Thread-3] INFO  com.epam.taskthree.entity.Customer - Customer waiting...
2019-03-14 23:16:32 [Thread-6] INFO  com.epam.taskthree.entity.Customer - Customer waiting...
2019-03-14 23:16:32 [Thread-4] INFO  com.epam.taskthree.entity.Customer - Customer waiting...
2019-03-14 23:16:32 [Thread-5] INFO  com.epam.taskthree.entity.Customer - Customer waiting...
2019-03-14 23:16:32 [main] INFO  com.epam.taskthree.main.Main - Customers are divided in queues
2019-03-14 23:16:32 [main] INFO  com.epam.taskthree.main.Main - Cashier is added.
2019-03-14 23:16:32 [main] INFO  com.epam.taskthree.main.Main - Cashier is added.
2019-03-14 23:16:32 [main] INFO  com.epam.taskthree.main.Main - Cashier is added.
2019-03-14 23:16:32 [main] INFO  com.epam.taskthree.main.Main - Queues is added at cashiers.
2019-03-14 23:16:32 [main] INFO  com.epam.taskthree.main.Main - Cashiers give their reports.
2019-03-14 23:16:32 [pool-2-thread-1] INFO  com.epam.taskthree.entity.Cashier - 0  customer buys...
2019-03-14 23:16:32 [pool-2-thread-1] WARN  com.epam.taskthree.entity.Cashier - Exception from : pool-2-thread-1 in getOrderToCustomer method.
2019-03-14 23:16:32 [pool-2-thread-1] INFO  com.epam.taskthree.entity.Cashier - 1  customer buys...
2019-03-14 23:16:32 [pool-2-thread-1] WARN  com.epam.taskthree.entity.Cashier - Exception from : pool-2-thread-1 in getOrderToCustomer method.
2019-03-14 23:16:32 [pool-3-thread-1] INFO  com.epam.taskthree.entity.Cashier -  Special customer buys...
2019-03-14 23:16:33 [pool-3-thread-1] INFO  com.epam.taskthree.entity.Cashier - Order 22222 is completed.
2019-03-14 23:16:33 [pool-3-thread-1] INFO  com.epam.taskthree.entity.Cashier - 1  customer buys...
2019-03-14 23:16:34 [pool-3-thread-1] INFO  com.epam.taskthree.entity.Cashier - Order 21 is completed.
2019-03-14 23:16:34 [pool-3-thread-1] INFO  com.epam.taskthree.entity.Cashier - 2  customer buys...
2019-03-14 23:16:35 [pool-3-thread-1] INFO  com.epam.taskthree.entity.Cashier - Order 22 is completed.
2019-03-14 23:16:35 [pool-4-thread-1] INFO  com.epam.taskthree.entity.Cashier - 0  customer buys...
2019-03-14 23:16:36 [pool-4-thread-1] INFO  com.epam.taskthree.entity.Cashier - Order 31 is completed.
2019-03-14 23:16:36 [pool-4-thread-1] INFO  com.epam.taskthree.entity.Cashier - 1  customer buys...
2019-03-14 23:16:37 [pool-4-thread-1] INFO  com.epam.taskthree.entity.Cashier - Order 32 is completed.
2019-03-14 23:16:42 [main] INFO  com.epam.taskthree.main.Main - 0  cashier : 2 clients!
2019-03-14 23:16:42 [main] INFO  com.epam.taskthree.main.Main - 1  cashier : 3 clients!
2019-03-14 23:16:42 [main] INFO  com.epam.taskthree.main.Main - 2  cashier : 2 clients!
2019-03-14 23:16:42 [main] INFO  com.epam.taskthree.main.Main - main - finally
2019-03-14 23:24:42 [main] INFO  com.epam.taskthree.reader.DataReader - File:data\aLotOfOrders.txt was successfully read.
2019-03-14 23:24:42 [main] INFO  epam.taskthree.parser.impl.DataParserImpl - Parse was successful complete.
2019-03-14 23:24:42 [main] INFO  epam.taskthree.parser.impl.DataParserImpl - Parse was successful complete.
2019-03-14 23:24:42 [main] INFO  epam.taskthree.parser.impl.DataParserImpl - Parse was successful complete.
2019-03-14 23:24:42 [main] INFO  epam.taskthree.parser.impl.DataParserImpl - Parse was successful complete.
2019-03-14 23:24:42 [main] INFO  epam.taskthree.parser.impl.DataParserImpl - Parse was successful complete.
2019-03-14 23:24:42 [main] INFO  epam.taskthree.parser.impl.DataParserImpl - Parse was successful complete.
2019-03-14 23:24:42 [main] INFO  epam.taskthree.parser.impl.DataParserImpl - Parse was successful complete.
2019-03-14 23:24:42 [Thread-1] INFO  com.epam.taskthree.entity.Customer - Customer waiting...
2019-03-14 23:24:42 [Thread-2] INFO  com.epam.taskthree.entity.Customer - Customer waiting...
2019-03-14 23:24:42 [Thread-3] INFO  com.epam.taskthree.entity.Customer - Customer waiting...
2019-03-14 23:24:42 [Thread-7] INFO  com.epam.taskthree.entity.Customer - Customer waiting...
2019-03-14 23:24:42 [Thread-4] INFO  com.epam.taskthree.entity.Customer - Customer waiting...
2019-03-14 23:24:42 [Thread-6] INFO  com.epam.taskthree.entity.Customer - Customer waiting...
2019-03-14 23:24:42 [Thread-5] INFO  com.epam.taskthree.entity.Customer - Customer waiting...
2019-03-14 23:24:42 [main] INFO  com.epam.taskthree.main.Main - Customers are divided in queues
2019-03-14 23:24:42 [main] INFO  com.epam.taskthree.main.Main - Cashier is added.
2019-03-14 23:24:42 [main] INFO  com.epam.taskthree.main.Main - Cashier is added.
2019-03-14 23:24:42 [main] INFO  com.epam.taskthree.main.Main - Cashier is added.
2019-03-14 23:24:42 [main] INFO  com.epam.taskthree.main.Main - Queues is added at cashiers.
2019-03-14 23:24:42 [main] INFO  com.epam.taskthree.main.Main - Cashiers give their reports.
2019-03-14 23:24:42 [pool-2-thread-1] INFO  com.epam.taskthree.entity.Cashier - 0  customer buys...
2019-03-14 23:24:43 [pool-2-thread-1] INFO  com.epam.taskthree.entity.Cashier - Order 11 is completed.
2019-03-14 23:24:43 [pool-2-thread-1] INFO  com.epam.taskthree.entity.Cashier - 1  customer buys...
2019-03-14 23:24:44 [pool-2-thread-1] INFO  com.epam.taskthree.entity.Cashier - Order 12 is completed.
2019-03-14 23:24:44 [pool-2-thread-2] INFO  com.epam.taskthree.entity.Cashier -  Special customer buys...
2019-03-14 23:24:45 [pool-2-thread-2] INFO  com.epam.taskthree.entity.Cashier - Order 22222 is completed.
2019-03-14 23:24:45 [pool-2-thread-2] INFO  com.epam.taskthree.entity.Cashier - 1  customer buys...
2019-03-14 23:24:46 [pool-2-thread-2] INFO  com.epam.taskthree.entity.Cashier - Order 21 is completed.
2019-03-14 23:24:46 [pool-2-thread-2] INFO  com.epam.taskthree.entity.Cashier - 2  customer buys...
2019-03-14 23:24:47 [pool-2-thread-2] INFO  com.epam.taskthree.entity.Cashier - Order 22 is completed.
2019-03-14 23:24:47 [pool-2-thread-3] INFO  com.epam.taskthree.entity.Cashier - 0  customer buys...
2019-03-14 23:24:48 [pool-2-thread-3] INFO  com.epam.taskthree.entity.Cashier - Order 31 is completed.
2019-03-14 23:24:48 [pool-2-thread-3] INFO  com.epam.taskthree.entity.Cashier - 1  customer buys...
2019-03-14 23:24:49 [pool-2-thread-3] INFO  com.epam.taskthree.entity.Cashier - Order 32 is completed.
2019-03-14 23:24:52 [main] INFO  com.epam.taskthree.main.Main - 0  cashier : 2 clients!
2019-03-14 23:24:52 [main] INFO  com.epam.taskthree.main.Main - 1  cashier : 3 clients!
2019-03-14 23:24:52 [main] INFO  com.epam.taskthree.main.Main - 2  cashier : 2 clients!
2019-03-14 23:24:52 [main] INFO  com.epam.taskthree.main.Main - main - finally
2019-03-14 23:25:17 [main] INFO  com.epam.taskthree.reader.DataReader - File:data\aLotOfOrders.txt was successfully read.
2019-03-14 23:25:17 [main] INFO  epam.taskthree.parser.impl.DataParserImpl - Parse was successful complete.
2019-03-14 23:25:17 [main] INFO  epam.taskthree.parser.impl.DataParserImpl - Parse was successful complete.
2019-03-14 23:25:17 [main] INFO  epam.taskthree.parser.impl.DataParserImpl - Parse was successful complete.
2019-03-14 23:25:17 [main] INFO  epam.taskthree.parser.impl.DataParserImpl - Parse was successful complete.
2019-03-14 23:25:17 [main] INFO  epam.taskthree.parser.impl.DataParserImpl - Parse was successful complete.
2019-03-14 23:25:17 [main] INFO  epam.taskthree.parser.impl.DataParserImpl - Parse was successful complete.
2019-03-14 23:25:17 [main] INFO  epam.taskthree.parser.impl.DataParserImpl - Parse was successful complete.
2019-03-14 23:25:17 [Thread-1] INFO  com.epam.taskthree.entity.Customer - Customer waiting...
2019-03-14 23:25:17 [Thread-2] INFO  com.epam.taskthree.entity.Customer - Customer waiting...
2019-03-14 23:25:17 [Thread-3] INFO  com.epam.taskthree.entity.Customer - Customer waiting...
2019-03-14 23:25:17 [Thread-4] INFO  com.epam.taskthree.entity.Customer - Customer waiting...
2019-03-14 23:25:17 [Thread-7] INFO  com.epam.taskthree.entity.Customer - Customer waiting...
2019-03-14 23:25:17 [Thread-6] INFO  com.epam.taskthree.entity.Customer - Customer waiting...
2019-03-14 23:25:17 [Thread-5] INFO  com.epam.taskthree.entity.Customer - Customer waiting...
2019-03-14 23:25:17 [main] INFO  com.epam.taskthree.main.Main - Customers are divided in queues
2019-03-14 23:25:17 [main] INFO  com.epam.taskthree.main.Main - Cashier is added.
2019-03-14 23:25:17 [main] INFO  com.epam.taskthree.main.Main - Cashier is added.
2019-03-14 23:25:17 [main] INFO  com.epam.taskthree.main.Main - Cashier is added.
2019-03-14 23:25:17 [main] INFO  com.epam.taskthree.main.Main - Queues is added at cashiers.
2019-03-14 23:25:17 [main] INFO  com.epam.taskthree.main.Main - Cashiers give their reports.
2019-03-14 23:25:17 [pool-2-thread-2] INFO  com.epam.taskthree.entity.Cashier -  Special customer buys...
2019-03-14 23:25:18 [pool-2-thread-2] INFO  com.epam.taskthree.entity.Cashier - Order 22222 is completed.
2019-03-14 23:25:18 [pool-2-thread-2] INFO  com.epam.taskthree.entity.Cashier - 1  customer buys...
2019-03-14 23:25:19 [pool-2-thread-2] INFO  com.epam.taskthree.entity.Cashier - Order 21 is completed.
2019-03-14 23:25:19 [pool-2-thread-2] INFO  com.epam.taskthree.entity.Cashier - 2  customer buys...
2019-03-14 23:25:20 [pool-2-thread-2] INFO  com.epam.taskthree.entity.Cashier - Order 22 is completed.
2019-03-14 23:25:20 [pool-2-thread-1] INFO  com.epam.taskthree.entity.Cashier - 0  customer buys...
2019-03-14 23:25:21 [pool-2-thread-1] INFO  com.epam.taskthree.entity.Cashier - Order 11 is completed.
2019-03-14 23:25:21 [pool-2-thread-1] INFO  com.epam.taskthree.entity.Cashier - 1  customer buys...
2019-03-14 23:25:22 [pool-2-thread-1] INFO  com.epam.taskthree.entity.Cashier - Order 12 is completed.
2019-03-14 23:25:22 [pool-2-thread-3] INFO  com.epam.taskthree.entity.Cashier - 0  customer buys...
2019-03-14 23:25:23 [pool-2-thread-3] INFO  com.epam.taskthree.entity.Cashier - Order 31 is completed.
2019-03-14 23:25:23 [pool-2-thread-3] INFO  com.epam.taskthree.entity.Cashier - 1  customer buys...
2019-03-14 23:25:24 [pool-2-thread-3] INFO  com.epam.taskthree.entity.Cashier - Order 32 is completed.
2019-03-14 23:25:27 [main] INFO  com.epam.taskthree.main.Main - 0  cashier : 2 clients!
2019-03-14 23:25:27 [main] INFO  com.epam.taskthree.main.Main - 1  cashier : 3 clients!
2019-03-14 23:25:27 [main] INFO  com.epam.taskthree.main.Main - 2  cashier : 2 clients!
2019-03-14 23:25:27 [main] INFO  com.epam.taskthree.main.Main - main - finally
2019-03-14 23:26:06 [main] INFO  com.epam.taskthree.reader.DataReader - File:data\aLotOfOrders.txt was successfully read.
2019-03-14 23:26:06 [main] INFO  epam.taskthree.parser.impl.DataParserImpl - Parse was successful complete.
2019-03-14 23:26:06 [main] INFO  epam.taskthree.parser.impl.DataParserImpl - Parse was successful complete.
2019-03-14 23:26:06 [main] INFO  epam.taskthree.parser.impl.DataParserImpl - Parse was successful complete.
2019-03-14 23:26:06 [main] INFO  epam.taskthree.parser.impl.DataParserImpl - Parse was successful complete.
2019-03-14 23:26:06 [main] INFO  epam.taskthree.parser.impl.DataParserImpl - Parse was successful complete.
2019-03-14 23:26:06 [main] INFO  epam.taskthree.parser.impl.DataParserImpl - Parse was successful complete.
2019-03-14 23:26:06 [main] INFO  epam.taskthree.parser.impl.DataParserImpl - Parse was successful complete.
2019-03-14 23:26:06 [Thread-1] INFO  com.epam.taskthree.entity.Customer - Customer waiting...
2019-03-14 23:26:06 [Thread-2] INFO  com.epam.taskthree.entity.Customer - Customer waiting...
2019-03-14 23:26:06 [Thread-3] INFO  com.epam.taskthree.entity.Customer - Customer waiting...
2019-03-14 23:26:06 [Thread-4] INFO  com.epam.taskthree.entity.Customer - Customer waiting...
2019-03-14 23:26:06 [Thread-5] INFO  com.epam.taskthree.entity.Customer - Customer waiting...
2019-03-14 23:26:06 [Thread-6] INFO  com.epam.taskthree.entity.Customer - Customer waiting...
2019-03-14 23:26:06 [Thread-7] INFO  com.epam.taskthree.entity.Customer - Customer waiting...
2019-03-14 23:26:06 [main] INFO  com.epam.taskthree.main.Main - Customers are divided in queues
2019-03-14 23:26:06 [main] INFO  com.epam.taskthree.main.Main - Cashier is added.
2019-03-14 23:26:06 [main] INFO  com.epam.taskthree.main.Main - Cashier is added.
2019-03-14 23:26:06 [main] INFO  com.epam.taskthree.main.Main - Cashier is added.
2019-03-14 23:26:06 [main] INFO  com.epam.taskthree.main.Main - Queues is added at cashiers.
2019-03-14 23:26:06 [main] INFO  com.epam.taskthree.main.Main - Cashiers give their reports.
2019-03-14 23:26:06 [pool-2-thread-1] INFO  com.epam.taskthree.entity.Cashier - 0  customer buys...
2019-03-14 23:26:07 [pool-2-thread-1] INFO  com.epam.taskthree.entity.Cashier - Order 11 is completed.
2019-03-14 23:26:07 [pool-2-thread-1] INFO  com.epam.taskthree.entity.Cashier - 1  customer buys...
2019-03-14 23:26:08 [pool-2-thread-1] INFO  com.epam.taskthree.entity.Cashier - Order 12 is completed.
2019-03-14 23:26:08 [pool-2-thread-2] INFO  com.epam.taskthree.entity.Cashier -  Special customer buys...
2019-03-14 23:26:09 [pool-2-thread-2] INFO  com.epam.taskthree.entity.Cashier - Order 22222 is completed.
2019-03-14 23:26:09 [pool-2-thread-2] INFO  com.epam.taskthree.entity.Cashier - 1  customer buys...
2019-03-14 23:26:10 [pool-2-thread-2] INFO  com.epam.taskthree.entity.Cashier - Order 21 is completed.
2019-03-14 23:26:10 [pool-2-thread-2] INFO  com.epam.taskthree.entity.Cashier - 2  customer buys...
2019-03-14 23:26:11 [pool-2-thread-2] INFO  com.epam.taskthree.entity.Cashier - Order 22 is completed.
2019-03-14 23:26:11 [pool-2-thread-3] INFO  com.epam.taskthree.entity.Cashier - 0  customer buys...
2019-03-14 23:26:12 [pool-2-thread-3] INFO  com.epam.taskthree.entity.Cashier - Order 31 is completed.
2019-03-14 23:26:12 [pool-2-thread-3] INFO  com.epam.taskthree.entity.Cashier - 1  customer buys...
2019-03-14 23:26:13 [pool-2-thread-3] INFO  com.epam.taskthree.entity.Cashier - Order 32 is completed.
2019-03-14 23:26:16 [main] INFO  com.epam.taskthree.main.Main - 0  cashier : 2 clients!
2019-03-14 23:26:16 [main] INFO  com.epam.taskthree.main.Main - 1  cashier : 3 clients!
2019-03-14 23:26:16 [main] INFO  com.epam.taskthree.main.Main - 2  cashier : 2 clients!
2019-03-14 23:26:16 [main] INFO  com.epam.taskthree.main.Main - main - finally
2019-03-14 23:26:22 [main] INFO  com.epam.taskthree.reader.DataReader - File:data\aLotOfOrders.txt was successfully read.
2019-03-14 23:26:22 [main] INFO  epam.taskthree.parser.impl.DataParserImpl - Parse was successful complete.
2019-03-14 23:26:22 [main] INFO  epam.taskthree.parser.impl.DataParserImpl - Parse was successful complete.
2019-03-14 23:26:22 [main] INFO  epam.taskthree.parser.impl.DataParserImpl - Parse was successful complete.
2019-03-14 23:26:22 [main] INFO  epam.taskthree.parser.impl.DataParserImpl - Parse was successful complete.
2019-03-14 23:26:22 [main] INFO  epam.taskthree.parser.impl.DataParserImpl - Parse was successful complete.
2019-03-14 23:26:22 [main] INFO  epam.taskthree.parser.impl.DataParserImpl - Parse was successful complete.
2019-03-14 23:26:22 [main] INFO  epam.taskthree.parser.impl.DataParserImpl - Parse was successful complete.
2019-03-14 23:26:22 [Thread-1] INFO  com.epam.taskthree.entity.Customer - Customer waiting...
2019-03-14 23:26:22 [Thread-2] INFO  com.epam.taskthree.entity.Customer - Customer waiting...
2019-03-14 23:26:22 [Thread-3] INFO  com.epam.taskthree.entity.Customer - Customer waiting...
2019-03-14 23:26:22 [Thread-4] INFO  com.epam.taskthree.entity.Customer - Customer waiting...
2019-03-14 23:26:22 [Thread-5] INFO  com.epam.taskthree.entity.Customer - Customer waiting...
2019-03-14 23:26:22 [Thread-6] INFO  com.epam.taskthree.entity.Customer - Customer waiting...
2019-03-14 23:26:22 [Thread-7] INFO  com.epam.taskthree.entity.Customer - Customer waiting...
2019-03-14 23:26:22 [main] INFO  com.epam.taskthree.main.Main - Customers are divided in queues
2019-03-14 23:26:22 [main] INFO  com.epam.taskthree.main.Main - Cashier is added.
2019-03-14 23:26:22 [main] INFO  com.epam.taskthree.main.Main - Cashier is added.
2019-03-14 23:26:22 [main] INFO  com.epam.taskthree.main.Main - Cashier is added.
2019-03-14 23:26:22 [main] INFO  com.epam.taskthree.main.Main - Queues is added at cashiers.
2019-03-14 23:26:22 [main] INFO  com.epam.taskthree.main.Main - Cashiers give their reports.
2019-03-14 23:26:22 [pool-2-thread-1] INFO  com.epam.taskthree.entity.Cashier - 0  customer buys...
2019-03-14 23:26:23 [pool-2-thread-1] INFO  com.epam.taskthree.entity.Cashier - Order 11 is completed.
2019-03-14 23:26:23 [pool-2-thread-1] INFO  com.epam.taskthree.entity.Cashier - 1  customer buys...
2019-03-14 23:26:24 [pool-2-thread-1] INFO  com.epam.taskthree.entity.Cashier - Order 12 is completed.
2019-03-14 23:26:24 [pool-2-thread-2] INFO  com.epam.taskthree.entity.Cashier -  Special customer buys...
2019-03-14 23:26:25 [pool-2-thread-2] INFO  com.epam.taskthree.entity.Cashier - Order 22222 is completed.
2019-03-14 23:26:25 [pool-2-thread-2] INFO  com.epam.taskthree.entity.Cashier - 1  customer buys...
2019-03-14 23:26:26 [pool-2-thread-2] INFO  com.epam.taskthree.entity.Cashier - Order 21 is completed.
2019-03-14 23:26:26 [pool-2-thread-2] INFO  com.epam.taskthree.entity.Cashier - 2  customer buys...
2019-03-14 23:26:27 [pool-2-thread-2] INFO  com.epam.taskthree.entity.Cashier - Order 22 is completed.
2019-03-14 23:26:27 [pool-2-thread-3] INFO  com.epam.taskthree.entity.Cashier - 0  customer buys...
2019-03-14 23:26:28 [pool-2-thread-3] INFO  com.epam.taskthree.entity.Cashier - Order 31 is completed.
2019-03-14 23:26:28 [pool-2-thread-3] INFO  com.epam.taskthree.entity.Cashier - 1  customer buys...
2019-03-14 23:26:29 [pool-2-thread-3] INFO  com.epam.taskthree.entity.Cashier - Order 32 is completed.
2019-03-14 23:26:32 [main] INFO  com.epam.taskthree.main.Main - 0  cashier : 2 clients!
2019-03-14 23:26:32 [main] INFO  com.epam.taskthree.main.Main - 1  cashier : 3 clients!
2019-03-14 23:26:32 [main] INFO  com.epam.taskthree.main.Main - 2  cashier : 2 clients!
2019-03-14 23:26:32 [main] INFO  com.epam.taskthree.main.Main - main - finally
2019-03-14 23:26:55 [main] INFO  com.epam.taskthree.reader.DataReader - File:data\aLotOfOrders.txt was successfully read.
2019-03-14 23:26:55 [main] INFO  epam.taskthree.parser.impl.DataParserImpl - Parse was successful complete.
2019-03-14 23:26:55 [main] INFO  epam.taskthree.parser.impl.DataParserImpl - Parse was successful complete.
2019-03-14 23:26:55 [main] INFO  epam.taskthree.parser.impl.DataParserImpl - Parse was successful complete.
2019-03-14 23:26:55 [main] INFO  epam.taskthree.parser.impl.DataParserImpl - Parse was successful complete.
2019-03-14 23:26:55 [main] INFO  epam.taskthree.parser.impl.DataParserImpl - Parse was successful complete.
2019-03-14 23:26:55 [main] INFO  epam.taskthree.parser.impl.DataParserImpl - Parse was successful complete.
2019-03-14 23:26:55 [main] INFO  epam.taskthree.parser.impl.DataParserImpl - Parse was successful complete.
2019-03-14 23:26:55 [Thread-1] INFO  com.epam.taskthree.entity.Customer - Customer waiting...
2019-03-14 23:26:55 [Thread-2] INFO  com.epam.taskthree.entity.Customer - Customer waiting...
2019-03-14 23:26:55 [Thread-7] INFO  com.epam.taskthree.entity.Customer - Customer waiting...
2019-03-14 23:26:55 [Thread-3] INFO  com.epam.taskthree.entity.Customer - Customer waiting...
2019-03-14 23:26:55 [Thread-6] INFO  com.epam.taskthree.entity.Customer - Customer waiting...
2019-03-14 23:26:55 [Thread-5] INFO  com.epam.taskthree.entity.Customer - Customer waiting...
2019-03-14 23:26:55 [Thread-4] INFO  com.epam.taskthree.entity.Customer - Customer waiting...
2019-03-14 23:26:56 [main] INFO  com.epam.taskthree.main.Main - Customers are divided in queues
2019-03-14 23:26:56 [main] INFO  com.epam.taskthree.main.Main - Cashier is added.
2019-03-14 23:26:56 [main] INFO  com.epam.taskthree.main.Main - Cashier is added.
2019-03-14 23:26:56 [main] INFO  com.epam.taskthree.main.Main - Cashier is added.
2019-03-14 23:26:56 [main] INFO  com.epam.taskthree.main.Main - Queues is added at cashiers.
2019-03-14 23:26:56 [main] INFO  com.epam.taskthree.main.Main - Cashiers give their reports.
2019-03-14 23:26:56 [pool-2-thread-1] INFO  com.epam.taskthree.entity.Cashier - 0  customer buys...
2019-03-14 23:26:57 [pool-2-thread-1] INFO  com.epam.taskthree.entity.Cashier - Order 11 is completed.
2019-03-14 23:26:57 [pool-2-thread-1] INFO  com.epam.taskthree.entity.Cashier - 1  customer buys...
2019-03-14 23:26:58 [pool-2-thread-1] INFO  com.epam.taskthree.entity.Cashier - Order 12 is completed.
2019-03-14 23:26:58 [pool-2-thread-2] INFO  com.epam.taskthree.entity.Cashier -  Special customer buys...
2019-03-14 23:26:59 [pool-2-thread-2] INFO  com.epam.taskthree.entity.Cashier - Order 22222 is completed.
2019-03-14 23:26:59 [pool-2-thread-2] INFO  com.epam.taskthree.entity.Cashier - 1  customer buys...
2019-03-14 23:27:00 [pool-2-thread-2] INFO  com.epam.taskthree.entity.Cashier - Order 21 is completed.
2019-03-14 23:27:00 [pool-2-thread-2] INFO  com.epam.taskthree.entity.Cashier - 2  customer buys...
2019-03-14 23:27:01 [pool-2-thread-2] INFO  com.epam.taskthree.entity.Cashier - Order 22 is completed.
2019-03-14 23:27:01 [pool-2-thread-3] INFO  com.epam.taskthree.entity.Cashier - 0  customer buys...
2019-03-14 23:27:02 [pool-2-thread-3] INFO  com.epam.taskthree.entity.Cashier - Order 31 is completed.
2019-03-14 23:27:02 [pool-2-thread-3] INFO  com.epam.taskthree.entity.Cashier - 1  customer buys...
2019-03-14 23:27:03 [pool-2-thread-3] INFO  com.epam.taskthree.entity.Cashier - Order 32 is completed.
2019-03-14 23:27:06 [main] INFO  com.epam.taskthree.main.Main - 0  cashier : 2 clients!
2019-03-14 23:27:06 [main] INFO  com.epam.taskthree.main.Main - 1  cashier : 3 clients!
2019-03-14 23:27:06 [main] INFO  com.epam.taskthree.main.Main - 2  cashier : 2 clients!
2019-03-14 23:27:06 [main] INFO  com.epam.taskthree.main.Main - main - finally
2019-03-14 23:28:09 [main] INFO  com.epam.taskthree.reader.DataReader - File:data\aLotOfOrders.txt was successfully read.
2019-03-14 23:28:09 [main] INFO  epam.taskthree.parser.impl.DataParserImpl - Parse was successful complete.
2019-03-14 23:28:09 [main] INFO  epam.taskthree.parser.impl.DataParserImpl - Parse was successful complete.
2019-03-14 23:28:09 [main] INFO  epam.taskthree.parser.impl.DataParserImpl - Parse was successful complete.
2019-03-14 23:28:09 [main] INFO  epam.taskthree.parser.impl.DataParserImpl - Parse was successful complete.
2019-03-14 23:28:09 [main] INFO  epam.taskthree.parser.impl.DataParserImpl - Parse was successful complete.
2019-03-14 23:28:09 [main] INFO  epam.taskthree.parser.impl.DataParserImpl - Parse was successful complete.
2019-03-14 23:28:09 [main] INFO  epam.taskthree.parser.impl.DataParserImpl - Parse was successful complete.
2019-03-14 23:28:09 [Thread-1] INFO  com.epam.taskthree.entity.Customer - Customer waiting...
2019-03-14 23:28:09 [Thread-2] INFO  com.epam.taskthree.entity.Customer - Customer waiting...
2019-03-14 23:28:09 [Thread-3] INFO  com.epam.taskthree.entity.Customer - Customer waiting...
2019-03-14 23:28:09 [Thread-7] INFO  com.epam.taskthree.entity.Customer - Customer waiting...
2019-03-14 23:28:09 [Thread-6] INFO  com.epam.taskthree.entity.Customer - Customer waiting...
2019-03-14 23:28:09 [Thread-5] INFO  com.epam.taskthree.entity.Customer - Customer waiting...
2019-03-14 23:28:09 [Thread-4] INFO  com.epam.taskthree.entity.Customer - Customer waiting...
2019-03-14 23:28:09 [main] INFO  com.epam.taskthree.main.Main - Customers are divided in queues
2019-03-14 23:28:09 [main] INFO  com.epam.taskthree.main.Main - Cashier is added.
2019-03-14 23:28:09 [main] INFO  com.epam.taskthree.main.Main - Cashier is added.
2019-03-14 23:28:09 [main] INFO  com.epam.taskthree.main.Main - Cashier is added.
2019-03-14 23:28:09 [main] INFO  com.epam.taskthree.main.Main - Queues is added at cashiers.
2019-03-14 23:28:09 [main] INFO  com.epam.taskthree.main.Main - Cashiers give their reports.
2019-03-14 23:28:09 [pool-2-thread-1] INFO  com.epam.taskthree.entity.Cashier - 0  customer buys...
2019-03-14 23:28:10 [pool-2-thread-1] INFO  com.epam.taskthree.entity.Cashier - Order 11 is completed.
2019-03-14 23:28:10 [pool-2-thread-1] INFO  com.epam.taskthree.entity.Cashier - 1  customer buys...
2019-03-14 23:28:11 [pool-2-thread-1] INFO  com.epam.taskthree.entity.Cashier - Order 12 is completed.
2019-03-14 23:28:11 [pool-2-thread-2] INFO  com.epam.taskthree.entity.Cashier -  Special customer buys...
2019-03-14 23:28:12 [pool-2-thread-2] INFO  com.epam.taskthree.entity.Cashier - Order 22222 is completed.
2019-03-14 23:28:12 [pool-2-thread-2] INFO  com.epam.taskthree.entity.Cashier - 1  customer buys...
2019-03-14 23:28:13 [pool-2-thread-2] INFO  com.epam.taskthree.entity.Cashier - Order 21 is completed.
2019-03-14 23:28:13 [pool-2-thread-2] INFO  com.epam.taskthree.entity.Cashier - 2  customer buys...
2019-03-14 23:28:14 [pool-2-thread-2] INFO  com.epam.taskthree.entity.Cashier - Order 22 is completed.
2019-03-14 23:28:14 [pool-2-thread-3] INFO  com.epam.taskthree.entity.Cashier - 0  customer buys...
2019-03-14 23:28:15 [pool-2-thread-3] INFO  com.epam.taskthree.entity.Cashier - Order 31 is completed.
2019-03-14 23:28:15 [pool-2-thread-3] INFO  com.epam.taskthree.entity.Cashier - 1  customer buys...
2019-03-14 23:28:16 [pool-2-thread-3] INFO  com.epam.taskthree.entity.Cashier - Order 32 is completed.
2019-03-14 23:28:19 [main] INFO  com.epam.taskthree.main.Main - 0  cashier : 2 clients!
2019-03-14 23:28:19 [main] INFO  com.epam.taskthree.main.Main - 1  cashier : 3 clients!
2019-03-14 23:28:19 [main] INFO  com.epam.taskthree.main.Main - 2  cashier : 2 clients!
2019-03-14 23:28:19 [main] INFO  com.epam.taskthree.main.Main - main - finally
2019-03-14 23:32:09 [main] INFO  com.epam.taskthree.reader.DataReader - File:data\aLotOfOrders.txt was successfully read.
2019-03-14 23:32:09 [main] INFO  epam.taskthree.parser.impl.DataParserImpl - Parse was successful complete.
2019-03-14 23:32:09 [main] INFO  epam.taskthree.parser.impl.DataParserImpl - Parse was successful complete.
2019-03-14 23:32:09 [main] INFO  epam.taskthree.parser.impl.DataParserImpl - Parse was successful complete.
2019-03-14 23:32:09 [main] INFO  epam.taskthree.parser.impl.DataParserImpl - Parse was successful complete.
2019-03-14 23:32:09 [main] INFO  epam.taskthree.parser.impl.DataParserImpl - Parse was successful complete.
2019-03-14 23:32:09 [main] INFO  epam.taskthree.parser.impl.DataParserImpl - Parse was successful complete.
2019-03-14 23:32:09 [main] INFO  epam.taskthree.parser.impl.DataParserImpl - Parse was successful complete.
2019-03-14 23:32:09 [Thread-1] INFO  com.epam.taskthree.entity.Customer - Customer waiting...
2019-03-14 23:32:09 [Thread-5] INFO  com.epam.taskthree.entity.Customer - Customer waiting...
2019-03-14 23:32:09 [Thread-6] INFO  com.epam.taskthree.entity.Customer - Customer waiting...
2019-03-14 23:32:09 [Thread-4] INFO  com.epam.taskthree.entity.Customer - Customer waiting...
2019-03-14 23:32:09 [Thread-3] INFO  com.epam.taskthree.entity.Customer - Customer waiting...
2019-03-14 23:32:09 [Thread-2] INFO  com.epam.taskthree.entity.Customer - Customer waiting...
2019-03-14 23:32:09 [Thread-7] INFO  com.epam.taskthree.entity.Customer - Customer waiting...
2019-03-14 23:32:10 [main] INFO  com.epam.taskthree.main.Main - Customers are divided in queues
2019-03-14 23:32:10 [main] INFO  com.epam.taskthree.main.Main - Cashier is added.
2019-03-14 23:32:10 [main] INFO  com.epam.taskthree.main.Main - Cashier is added.
2019-03-14 23:32:10 [main] INFO  com.epam.taskthree.main.Main - Cashier is added.
2019-03-14 23:32:10 [main] INFO  com.epam.taskthree.main.Main - Queues is added at cashiers.
2019-03-14 23:32:10 [main] INFO  com.epam.taskthree.main.Main - Cashiers give their reports.
2019-03-14 23:32:10 [pool-2-thread-1] INFO  com.epam.taskthree.entity.Cashier - 0  customer buys...
2019-03-14 23:32:11 [pool-2-thread-1] INFO  com.epam.taskthree.entity.Cashier - Order 11 is completed.
2019-03-14 23:32:11 [pool-2-thread-1] INFO  com.epam.taskthree.entity.Cashier - 1  customer buys...
2019-03-14 23:32:12 [pool-2-thread-1] INFO  com.epam.taskthree.entity.Cashier - Order 12 is completed.
2019-03-14 23:32:12 [pool-2-thread-2] INFO  com.epam.taskthree.entity.Cashier -  Special customer buys...
2019-03-14 23:32:13 [pool-2-thread-2] INFO  com.epam.taskthree.entity.Cashier - Order 22222 is completed.
2019-03-14 23:32:13 [pool-2-thread-2] INFO  com.epam.taskthree.entity.Cashier - 1  customer buys...
2019-03-14 23:32:14 [pool-2-thread-2] INFO  com.epam.taskthree.entity.Cashier - Order 21 is completed.
2019-03-14 23:32:14 [pool-2-thread-2] INFO  com.epam.taskthree.entity.Cashier - 2  customer buys...
2019-03-14 23:32:15 [pool-2-thread-2] INFO  com.epam.taskthree.entity.Cashier - Order 22 is completed.
2019-03-14 23:32:15 [pool-2-thread-3] INFO  com.epam.taskthree.entity.Cashier - 0  customer buys...
2019-03-14 23:32:16 [pool-2-thread-3] INFO  com.epam.taskthree.entity.Cashier - Order 31 is completed.
2019-03-14 23:32:16 [pool-2-thread-3] INFO  com.epam.taskthree.entity.Cashier - 1  customer buys...
2019-03-14 23:32:17 [pool-2-thread-3] INFO  com.epam.taskthree.entity.Cashier - Order 32 is completed.
2019-03-14 23:32:20 [main] INFO  com.epam.taskthree.main.Main - 0  cashier : 2 clients!
2019-03-14 23:32:20 [main] INFO  com.epam.taskthree.main.Main - 1  cashier : 3 clients!
2019-03-14 23:32:20 [main] INFO  com.epam.taskthree.main.Main - 2  cashier : 2 clients!
2019-03-14 23:32:20 [main] INFO  com.epam.taskthree.main.Main - main - finally
2019-03-14 23:42:41 [Thread-1] INFO  com.epam.taskthree.entity.Customer - Customer waiting...
2019-03-14 23:42:41 [Thread-2] INFO  com.epam.taskthree.entity.Customer - Customer waiting...
2019-03-14 23:42:41 [Thread-3] INFO  com.epam.taskthree.entity.Customer - Customer waiting...
2019-03-14 23:42:41 [Thread-4] INFO  com.epam.taskthree.entity.Customer - Customer waiting...
2019-03-14 23:43:35 [Thread-1] INFO  com.epam.taskthree.entity.Customer - Customer waiting...
2019-03-14 23:43:35 [Thread-2] INFO  com.epam.taskthree.entity.Customer - Customer waiting...
2019-03-14 23:43:36 [Thread-3] INFO  com.epam.taskthree.entity.Customer - Customer waiting...
2019-03-14 23:43:36 [Thread-4] INFO  com.epam.taskthree.entity.Customer - Customer waiting...
2019-03-14 23:47:57 [Thread-1] INFO  com.epam.taskthree.entity.Customer - Customer waiting...
2019-03-14 23:47:57 [Thread-2] INFO  com.epam.taskthree.entity.Customer - Customer waiting...
