2019-03-14 23:47:57 [Thread-3] INFO  com.epam.taskthree.entity.Customer - Customer waiting...
2019-03-14 23:51:02 [Thread-1] INFO  com.epam.taskthree.entity.Customer - Customer waiting...
2019-03-14 23:51:02 [Thread-8] INFO  com.epam.taskthree.entity.Customer - Customer waiting...
2019-03-14 23:51:02 [Thread-7] INFO  com.epam.taskthree.entity.Customer - Customer waiting...
2019-03-14 23:51:02 [Thread-6] INFO  com.epam.taskthree.entity.Customer - Customer waiting...
2019-03-14 23:51:02 [Thread-3] INFO  com.epam.taskthree.entity.Customer - Customer waiting...
2019-03-14 23:51:02 [Thread-2] INFO  com.epam.taskthree.entity.Customer - Customer waiting...
2019-03-14 23:51:02 [Thread-4] INFO  com.epam.taskthree.entity.Customer - Customer waiting...
2019-03-14 23:51:02 [Thread-5] INFO  com.epam.taskthree.entity.Customer - Customer waiting...
2019-03-14 23:51:02 [Thread-9] INFO  com.epam.taskthree.entity.Customer - Customer waiting...
2019-03-14 23:51:02 [Thread-13] INFO  com.epam.taskthree.entity.Customer - Customer waiting...
2019-03-14 23:51:02 [Thread-10] INFO  com.epam.taskthree.entity.Customer - Customer waiting...
2019-03-14 23:51:02 [Thread-11] INFO  com.epam.taskthree.entity.Customer - Customer waiting...
2019-03-14 23:51:02 [Thread-12] INFO  com.epam.taskthree.entity.Customer - Customer waiting...
2019-03-14 23:51:02 [Thread-14] INFO  com.epam.taskthree.entity.Customer - Customer waiting...
2019-03-14 23:51:02 [main] INFO  com.epam.taskthree.reader.DataReader - File:data\orders.txt was successfully read.
2019-03-14 23:51:02 [main] INFO  epam.taskthree.parser.impl.DataParserImpl - Parse was successful complete.
2019-03-14 23:51:02 [main] INFO  epam.taskthree.parser.impl.DataParserImpl - Parse was successful complete.
2019-03-14 23:51:02 [main] INFO  epam.taskthree.parser.impl.DataParserImpl - Parse was successful complete.
2019-03-14 23:51:02 [main] INFO  epam.taskthree.parser.impl.DataParserImpl - Parse was successful complete.
2019-03-14 23:51:02 [main] INFO  epam.taskthree.parser.impl.DataParserImpl - Parse was successful complete.
2019-03-14 23:51:02 [main] INFO  epam.taskthree.parser.impl.DataParserImpl - Parse was successful complete.
2019-03-14 23:51:02 [main] INFO  epam.taskthree.parser.impl.DataParserImpl - Parse was successful complete.
2019-03-14 23:51:02 [main] WARN  com.epam.taskthree.reader.DataReader - File:data\another.txt  is not exist or empty.
2019-03-14 23:51:02 [main] INFO  com.epam.taskthree.reader.DataReader - File:data\orders.txt was successfully read.
2019-03-14 23:51:54 [main] INFO  com.epam.taskthree.reader.DataReader - File:data\aLotOfOrders.txt was successfully read.
2019-03-14 23:51:54 [main] INFO  epam.taskthree.parser.impl.DataParserImpl - Parse was successful complete.
2019-03-14 23:51:54 [main] INFO  epam.taskthree.parser.impl.DataParserImpl - Parse was successful complete.
2019-03-14 23:51:54 [main] INFO  epam.taskthree.parser.impl.DataParserImpl - Parse was successful complete.
2019-03-14 23:51:54 [main] INFO  epam.taskthree.parser.impl.DataParserImpl - Parse was successful complete.
2019-03-14 23:51:54 [main] INFO  epam.taskthree.parser.impl.DataParserImpl - Parse was successful complete.
2019-03-14 23:51:54 [main] INFO  epam.taskthree.parser.impl.DataParserImpl - Parse was successful complete.
2019-03-14 23:51:54 [main] INFO  epam.taskthree.parser.impl.DataParserImpl - Parse was successful complete.
2019-03-14 23:51:54 [Thread-1] INFO  com.epam.taskthree.entity.Customer - Customer waiting...
2019-03-14 23:51:54 [Thread-2] INFO  com.epam.taskthree.entity.Customer - Customer waiting...
2019-03-14 23:51:54 [Thread-3] INFO  com.epam.taskthree.entity.Customer - Customer waiting...
2019-03-14 23:51:54 [Thread-5] INFO  com.epam.taskthree.entity.Customer - Customer waiting...
2019-03-14 23:51:54 [Thread-4] INFO  com.epam.taskthree.entity.Customer - Customer waiting...
2019-03-14 23:51:54 [Thread-6] INFO  com.epam.taskthree.entity.Customer - Customer waiting...
2019-03-14 23:51:54 [Thread-7] INFO  com.epam.taskthree.entity.Customer - Customer waiting...
2019-03-14 23:51:54 [main] INFO  com.epam.taskthree.main.Main - Customers are divided in queues
2019-03-14 23:51:54 [main] INFO  com.epam.taskthree.main.Main - Cashier is added.
2019-03-14 23:51:54 [main] INFO  com.epam.taskthree.main.Main - Cashier is added.
2019-03-14 23:51:54 [main] INFO  com.epam.taskthree.main.Main - Cashier is added.
2019-03-14 23:51:54 [main] INFO  com.epam.taskthree.main.Main - Queues is added at cashiers.
2019-03-14 23:51:54 [main] INFO  com.epam.taskthree.main.Main - Cashiers give their reports.
2019-03-14 23:51:54 [pool-2-thread-3] INFO  com.epam.taskthree.entity.Cashier - 0  customer buys...
2019-03-14 23:51:55 [pool-2-thread-3] INFO  com.epam.taskthree.entity.Cashier - Order 31 is completed.
2019-03-14 23:51:55 [pool-2-thread-3] INFO  com.epam.taskthree.entity.Cashier - 1  customer buys...
2019-03-14 23:51:56 [pool-2-thread-3] INFO  com.epam.taskthree.entity.Cashier - Order 32 is completed.
2019-03-14 23:51:56 [pool-2-thread-2] INFO  com.epam.taskthree.entity.Cashier -  Special customer buys...
2019-03-14 23:51:57 [pool-2-thread-2] INFO  com.epam.taskthree.entity.Cashier - Order 22222 is completed.
2019-03-14 23:51:57 [pool-2-thread-2] INFO  com.epam.taskthree.entity.Cashier - 1  customer buys...
2019-03-14 23:51:58 [pool-2-thread-2] INFO  com.epam.taskthree.entity.Cashier - Order 21 is completed.
2019-03-14 23:51:58 [pool-2-thread-2] INFO  com.epam.taskthree.entity.Cashier - 2  customer buys...
2019-03-14 23:51:59 [pool-2-thread-2] INFO  com.epam.taskthree.entity.Cashier - Order 22 is completed.
2019-03-14 23:51:59 [pool-2-thread-1] INFO  com.epam.taskthree.entity.Cashier - 0  customer buys...
2019-03-14 23:52:00 [pool-2-thread-1] INFO  com.epam.taskthree.entity.Cashier - Order 11 is completed.
2019-03-14 23:52:00 [pool-2-thread-1] INFO  com.epam.taskthree.entity.Cashier - 1  customer buys...
2019-03-14 23:52:01 [pool-2-thread-1] INFO  com.epam.taskthree.entity.Cashier - Order 12 is completed.
2019-03-14 23:52:04 [main] INFO  com.epam.taskthree.main.Main - 0  cashier : 2 clients!
2019-03-14 23:52:04 [main] INFO  com.epam.taskthree.main.Main - 1  cashier : 3 clients!
2019-03-14 23:52:04 [main] INFO  com.epam.taskthree.main.Main - 2  cashier : 2 clients!
